This is pdfTeX, Version 3.14159265-2.6-1.40.20 (TeX Live 2019/Debian) (preloaded format=pdflatex 2020.11.17)  22 MAY 2021 14:03
entering extended mode
 restricted \write18 enabled.
 %&-line parsing enabled.
**appendix.tex
(./appendix.tex
LaTeX2e <2020-02-02> patch level 2
L3 programming layer <2020-02-14>
! Undefined control sequence.
l.1 \appendix
             
The control sequence at the end of the top line
of your error message was never \def'ed. If you have
misspelled it (e.g., `\hobx'), type `I' and the correct
spelling (e.g., `I\hbox'). Otherwise just continue,
and I'll forget about whatever was undefined.

! Undefined control sequence.
<argument> ...tect \cftchappresnum {\appendixname 
                                                  {} }\setlength {\cftchapnu...
l.8 }
     
The control sequence at the end of the top line
of your error message was never \def'ed. If you have
misspelled it (e.g., `\hobx'), type `I' and the correct
spelling (e.g., `I\hbox'). Otherwise just continue,
and I'll forget about whatever was undefined.

! Undefined control sequence.
<argument> \cftchapnumwidth 
                            
l.8 }
     
The control sequence at the end of the top line
of your error message was never \def'ed. If you have
misspelled it (e.g., `\hobx'), type `I' and the correct
spelling (e.g., `I\hbox'). Otherwise just continue,
and I'll forget about whatever was undefined.

! Undefined control sequence.
<argument> \widthof 
                    {\cftchapfont \appendixname ~–®\cftchapaftersnum }
l.8 }
     
The control sequence at the end of the top line
of your error message was never \def'ed. If you have
misspelled it (e.g., `\hobx'), type `I' and the correct
spelling (e.g., `I\hbox'). Otherwise just continue,
and I'll forget about whatever was undefined.

! Undefined control sequence.
<argument> \widthof {\cftchapfont 
                                  \appendixname ~–®\cftchapaftersnum }
l.8 }
     
The control sequence at the end of the top line
of your error message was never \def'ed. If you have
misspelled it (e.g., `\hobx'), type `I' and the correct
spelling (e.g., `I\hbox'). Otherwise just continue,
and I'll forget about whatever was undefined.

! Undefined control sequence.
<argument> \widthof {\cftchapfont \appendixname 
                                                ~–®\cftchapaftersnum }
l.8 }
     
The control sequence at the end of the top line
of your error message was never \def'ed. If you have
misspelled it (e.g., `\hobx'), type `I' and the correct
spelling (e.g., `I\hbox'). Otherwise just continue,
and I'll forget about whatever was undefined.

! Undefined control sequence.
<argument> ... \appendixname ~–®\cftchapaftersnum 
                                                  }
l.8 }
     
The control sequence at the end of the top line
of your error message was never \def'ed. If you have
misspelled it (e.g., `\hobx'), type `I' and the correct
spelling (e.g., `I\hbox'). Otherwise just continue,
and I'll forget about whatever was undefined.

! Undefined control sequence.
l.10 \sectionformat
                   {\chapter}[display]{% –ü–∞—Ä–∞–º–µ—Ç—Ä—ã –∑–∞–≥–æ–ª–æ–≤–∫...
The control sequence at the end of the top line
of your error message was never \def'ed. If you have
misspelled it (e.g., `\hobx'), type `I' and the correct
spelling (e.g., `I\hbox'). Otherwise just continue,
and I'll forget about whatever was undefined.

! Undefined control sequence.
l.10 \sectionformat{\chapter
                            }[display]{% –ü–∞—Ä–∞–º–µ—Ç—Ä—ã –∑–∞–≥–æ–ª–æ–≤–∫...
The control sequence at the end of the top line
of your error message was never \def'ed. If you have
misspelled it (e.g., `\hobx'), type `I' and the correct
spelling (e.g., `I\hbox'). Otherwise just continue,
and I'll forget about whatever was undefined.


! LaTeX Error: Missing \begin{document}.

See the LaTeX manual or LaTeX Companion for explanation.
Type  H <return>  for immediate help.
 ...                                              
                                                  
l.10 \sectionformat{\chapter}[
                              display]{% –ü–∞—Ä–∞–º–µ—Ç—Ä—ã –∑–∞–≥–æ–ª–æ–≤–∫...

You're in trouble here.  Try typing  <return>  to proceed.
If that doesn't work, type  X <return>  to quit.

Missing character: There is no [ in font nullfont!
Missing character: There is no d in font nullfont!
Missing character: There is no i in font nullfont!
Missing character: There is no s in font nullfont!
Missing character: There is no p in font nullfont!
Missing character: There is no l in font nullfont!
Missing character: There is no a in font nullfont!
Missing character: There is no y in font nullfont!
Missing character: There is no ] in font nullfont!
Missing character: There is no l in font nullfont!
Missing character: There is no a in font nullfont!
Missing character: There is no b in font nullfont!
Missing character: There is no e in font nullfont!
Missing character: There is no l in font nullfont!
Missing character: There is no = in font nullfont!
! Undefined control sequence.
l.11     label=\chaptertitlename
                                \ \thechapter,% (–ì–û–°–¢ –† 2.105, 4.3.6)
The control sequence at the end of the top line
of your error message was never \def'ed. If you have
misspelled it (e.g., `\hobx'), type `I' and the correct
spelling (e.g., `I\hbox'). Otherwise just continue,
and I'll forget about whatever was undefined.

! Undefined control sequence.
l.11     label=\chaptertitlename\ \thechapter
                                             ,% (–ì–û–°–¢ –† 2.105, 4.3.6)
The control sequence at the end of the top line
of your error message was never \def'ed. If you have
misspelled it (e.g., `\hobx'), type `I' and the correct
spelling (e.g., `I\hbox'). Otherwise just continue,
and I'll forget about whatever was undefined.

Missing character: There is no , in font nullfont!
Missing character: There is no l in font nullfont!
Missing character: There is no a in font nullfont!
Missing character: There is no b in font nullfont!
Missing character: There is no e in font nullfont!
Missing character: There is no l in font nullfont!
Missing character: There is no s in font nullfont!
Missing character: There is no e in font nullfont!
Missing character: There is no p in font nullfont!
Missing character: There is no = in font nullfont!
Missing character: There is no 2 in font nullfont!
Missing character: There is no 0 in font nullfont!
Missing character: There is no p in font nullfont!
Missing character: There is no t in font nullfont!
Missing character: There is no , in font nullfont!

! LaTeX Error: Command \thechapter undefined.

See the LaTeX manual or LaTeX Companion for explanation.
Type  H <return>  for immediate help.
 ...                                              
                                                  
l.14 \renewcommand\thechapter
                             {\Asbuk{chapter}} % –ß—Ç–æ–±—ã –ø—Ä–∏–ª–æ–∂–µ–Ω...

Try typing  <return>  to proceed.
If that doesn't work, type  X <return>  to quit.

! Undefined control sequence.
l.15 \chapter
             {–ê–Ω–∞–ª–∏–∑ –ø–æ–¥—Ö–æ–¥—è—â–∏—Ö –æ–≥–∏–±–∞—é—â–∏—Ö –¥–ª—è –°...
The control sequence at the end of the top line
of your error message was never \def'ed. If you have
misspelled it (e.g., `\hobx'), type `I' and the correct
spelling (e.g., `I\hbox'). Otherwise just continue,
and I'll forget about whatever was undefined.


! Package inputenc Error: Unicode character –ê (U+0410)
(inputenc)                not set up for use with LaTeX.

See the inputenc package documentation for explanation.
Type  H <return>  for immediate help.
 ...                                              
                                                  
l.15 \chapter{–ê
                –Ω–∞–ª–∏–∑ –ø–æ–¥—Ö–æ–¥—è—â–∏—Ö –æ–≥–∏–±–∞—é—â–∏—Ö –¥–ª—è –°...

You may provide a definition with
\DeclareUnicodeCharacter 


! Package inputenc Error: Unicode character –Ω (U+043D)
(inputenc)                not set up for use with LaTeX.

See the inputenc package documentation for explanation.
Type  H <return>  for immediate help.
 ...                                              
                                                  
l.15 \chapter{–ê–Ω
                  –∞–ª–∏–∑ –ø–æ–¥—Ö–æ–¥—è—â–∏—Ö –æ–≥–∏–±–∞—é—â–∏—Ö –¥–ª—è –°...

You may provide a definition with
\DeclareUnicodeCharacter 


! Package inputenc Error: Unicode character –∞ (U+0430)
(inputenc)                not set up for use with LaTeX.

See the inputenc package documentation for explanation.
Type  H <return>  for immediate help.
 ...                                              
                                                  
l.15 \chapter{–ê–Ω–∞
                    –ª–∏–∑ –ø–æ–¥—Ö–æ–¥—è—â–∏—Ö –æ–≥–∏–±–∞—é—â–∏—Ö –¥–ª—è –°...

You may provide a definition with
\DeclareUnicodeCharacter 


! Package inputenc Error: Unicode character –ª (U+043B)
(inputenc)                not set up for use with LaTeX.

See the inputenc package documentation for explanation.
Type  H <return>  for immediate help.
 ...                                              
                                                  
l.15 \chapter{–ê–Ω–∞–ª
                      –∏–∑ –ø–æ–¥—Ö–æ–¥—è—â–∏—Ö –æ–≥–∏–±–∞—é—â–∏—Ö –¥–ª—è –°...

You may provide a definition with
\DeclareUnicodeCharacter 


! Package inputenc Error: Unicode character –∏ (U+0438)
(inputenc)                not set up for use with LaTeX.

See the inputenc package documentation for explanation.
Type  H <return>  for immediate help.
 ...                                              
                                                  
l.15 \chapter{–ê–Ω–∞–ª–∏
                        –∑ –ø–æ–¥—Ö–æ–¥—è—â–∏—Ö –æ–≥–∏–±–∞—é—â–∏—Ö –¥–ª—è –°...

You may provide a definition with
\DeclareUnicodeCharacter 


! Package inputenc Error: Unicode character –∑ (U+0437)
(inputenc)                not set up for use with LaTeX.

See the inputenc package documentation for explanation.
Type  H <return>  for immediate help.
 ...                                              
                                                  
l.15 \chapter{–ê–Ω–∞–ª–∏–∑
                           –ø–æ–¥—Ö–æ–¥—è—â–∏—Ö –æ–≥–∏–±–∞—é—â–∏—Ö –¥–ª—è –°...

You may provide a definition with
\DeclareUnicodeCharacter 


! Package inputenc Error: Unicode character –ø (U+043F)
(inputenc)                not set up for use with LaTeX.

See the inputenc package documentation for explanation.
Type  H <return>  for immediate help.
 ...                                              
                                                  
l.15 \chapter{–ê–Ω–∞–ª–∏–∑ –ø
                             –æ–¥—Ö–æ–¥—è—â–∏—Ö –æ–≥–∏–±–∞—é—â–∏—Ö –¥–ª—è –°...

You may provide a definition with
\DeclareUnicodeCharacter 


! Package inputenc Error: Unicode character –æ (U+043E)
(inputenc)                not set up for use with LaTeX.

See the inputenc package documentation for explanation.
Type  H <return>  for immediate help.
 ...                                              
                                                  
l.15 \chapter{–ê–Ω–∞–ª–∏–∑ –ø–æ
                               –¥—Ö–æ–¥—è—â–∏—Ö –æ–≥–∏–±–∞—é—â–∏—Ö –¥–ª—è –°...

You may provide a definition with
\DeclareUnicodeCharacter 


! Package inputenc Error: Unicode character –¥ (U+0434)
(inputenc)                not set up for use with LaTeX.

See the inputenc package documentation for explanation.
Type  H <return>  for immediate help.
 ...                                              
                                                  
l.15 \chapter{–ê–Ω–∞–ª–∏–∑ –ø–æ–¥
                                 —Ö–æ–¥—è—â–∏—Ö –æ–≥–∏–±–∞—é—â–∏—Ö –¥–ª—è –°...

You may provide a definition with
\DeclareUnicodeCharacter 


! Package inputenc Error: Unicode character —Ö (U+0445)
(inputenc)                not set up for use with LaTeX.

See the inputenc package documentation for explanation.
Type  H <return>  for immediate help.
 ...                                              
                                                  
l.15 \chapter{–ê–Ω–∞–ª–∏–∑ –ø–æ–¥—Ö
                                   –æ–¥—è—â–∏—Ö –æ–≥–∏–±–∞—é—â–∏—Ö –¥–ª—è –°...

You may provide a definition with
\DeclareUnicodeCharacter 


! Package inputenc Error: Unicode character –æ (U+043E)
(inputenc)                not set up for use with LaTeX.

See the inputenc package documentation for explanation.
Type  H <return>  for immediate help.
 ...                                              
                                                  
l.15 \chapter{–ê–Ω–∞–ª–∏–∑ –ø–æ–¥—Ö–æ
                                     –¥—è—â–∏—Ö –æ–≥–∏–±–∞—é—â–∏—Ö –¥–ª—è –°...

You may provide a definition with
\DeclareUnicodeCharacter 


! Package inputenc Error: Unicode character –¥ (U+0434)
(inputenc)                not set up for use with LaTeX.

See the inputenc package documentation for explanation.
Type  H <return>  for immediate help.
 ...                                              
                                                  
l.15 \chapter{–ê–Ω–∞–ª–∏–∑ –ø–æ–¥—Ö–æ–¥
                                       —è—â–∏—Ö –æ–≥–∏–±–∞—é—â–∏—Ö –¥–ª—è –°...

You may provide a definition with
\DeclareUnicodeCharacter 


! Package inputenc Error: Unicode character —è (U+044F)
(inputenc)                not set up for use with LaTeX.

See the inputenc package documentation for explanation.
Type  H <return>  for immediate help.
 ...                                              
                                                  
l.15 \chapter{–ê–Ω–∞–ª–∏–∑ –ø–æ–¥—Ö–æ–¥—è
                                         —â–∏—Ö –æ–≥–∏–±–∞—é—â–∏—Ö –¥–ª—è –°...

You may provide a definition with
\DeclareUnicodeCharacter 


! Package inputenc Error: Unicode character —â (U+0449)
(inputenc)                not set up for use with LaTeX.

See the inputenc package documentation for explanation.
Type  H <return>  for immediate help.
 ...                                              
                                                  
l.15 \chapter{–ê–Ω–∞–ª–∏–∑ –ø–æ–¥—Ö–æ–¥—è—â
                                           –∏—Ö –æ–≥–∏–±–∞—é—â–∏—Ö –¥–ª—è –°...

You may provide a definition with
\DeclareUnicodeCharacter 


! Package inputenc Error: Unicode character –∏ (U+0438)
(inputenc)                not set up for use with LaTeX.

See the inputenc package documentation for explanation.
Type  H <return>  for immediate help.
 ...                                              
                                                  
l.15 \chapter{–ê–Ω–∞–ª–∏–∑ –ø–æ–¥—Ö–æ–¥—è—â–∏
                                             —Ö –æ–≥–∏–±–∞—é—â–∏—Ö –¥–ª—è –°...

You may provide a definition with
\DeclareUnicodeCharacter 


! Package inputenc Error: Unicode character —Ö (U+0445)
(inputenc)                not set up for use with LaTeX.

See the inputenc package documentation for explanation.
Type  H <return>  for immediate help.
 ...                                              
                                                  
l.15 \chapter{–ê–Ω–∞–ª–∏–∑ –ø–æ–¥—Ö–æ–¥—è—â–∏—Ö
                                                –æ–≥–∏–±–∞—é—â–∏—Ö –¥–ª—è –°...

You may provide a definition with
\DeclareUnicodeCharacter 


! Package inputenc Error: Unicode character –æ (U+043E)
(inputenc)                not set up for use with LaTeX.

See the inputenc package documentation for explanation.
Type  H <return>  for immediate help.
 ...                                              
                                                  
l.15 \chapter{–ê–Ω–∞–ª–∏–∑ –ø–æ–¥—Ö–æ–¥—è—â–∏—Ö –æ
                                                  –≥–∏–±–∞—é—â–∏—Ö –¥–ª—è –°...

You may provide a definition with
\DeclareUnicodeCharacter 


! Package inputenc Error: Unicode character –≥ (U+0433)
(inputenc)                not set up for use with LaTeX.

See the inputenc package documentation for explanation.
Type  H <return>  for immediate help.
 ...                                              
                                                  
l.15 ...ter{–ê–Ω–∞–ª–∏–∑ –ø–æ–¥—Ö–æ–¥—è—â–∏—Ö –æ–≥
                                                  –∏–±–∞—é—â–∏—Ö –¥–ª—è –°–ï...

You may provide a definition with
\DeclareUnicodeCharacter 


! Package inputenc Error: Unicode character –∏ (U+0438)
(inputenc)                not set up for use with LaTeX.

See the inputenc package documentation for explanation.
Type  H <return>  for immediate help.
 ...                                              
                                                  
l.15 ...r{–ê–Ω–∞–ª–∏–∑ –ø–æ–¥—Ö–æ–¥—è—â–∏—Ö –æ–≥–∏
                                                  –±–∞—é—â–∏—Ö –¥–ª—è –°–ï–†...

You may provide a definition with
\DeclareUnicodeCharacter 


! Package inputenc Error: Unicode character –± (U+0431)
(inputenc)                not set up for use with LaTeX.

See the inputenc package documentation for explanation.
Type  H <return>  for immediate help.
 ...                                              
                                                  
l.15 ...–ê–Ω–∞–ª–∏–∑ –ø–æ–¥—Ö–æ–¥—è—â–∏—Ö –æ–≥–∏–±
                                                  –∞—é—â–∏—Ö –¥–ª—è –°–ï–†–í...

You may provide a definition with
\DeclareUnicodeCharacter 


! Package inputenc Error: Unicode character –∞ (U+0430)
(inputenc)                not set up for use with LaTeX.

See the inputenc package documentation for explanation.
Type  H <return>  for immediate help.
 ...                                              
                                                  
l.15 ...–Ω–∞–ª–∏–∑ –ø–æ–¥—Ö–æ–¥—è—â–∏—Ö –æ–≥–∏–±–∞
                                                  —é—â–∏—Ö –¥–ª—è –°–ï–†–í–ê...

You may provide a definition with
\DeclareUnicodeCharacter 


! Package inputenc Error: Unicode character —é (U+044E)
(inputenc)                not set up for use with LaTeX.

See the inputenc package documentation for explanation.
Type  H <return>  for immediate help.
 ...                                              
                                                  
l.15 ...–∞–ª–∏–∑ –ø–æ–¥—Ö–æ–¥—è—â–∏—Ö –æ–≥–∏–±–∞—é
                                                  —â–∏—Ö –¥–ª—è –°–ï–†–í–ê–õ...

You may provide a definition with
\DeclareUnicodeCharacter 


! Package inputenc Error: Unicode character —â (U+0449)
(inputenc)                not set up for use with LaTeX.

See the inputenc package documentation for explanation.
Type  H <return>  for immediate help.
 ...                                              
                                                  
l.15 ...–ª–∏–∑ –ø–æ–¥—Ö–æ–¥—è—â–∏—Ö –æ–≥–∏–±–∞—é—â
                                                  –∏—Ö –¥–ª—è –°–ï–†–í–ê–õ–∞...

You may provide a definition with
\DeclareUnicodeCharacter 


! Package inputenc Error: Unicode character –∏ (U+0438)
(inputenc)                not set up for use with LaTeX.

See the inputenc package documentation for explanation.
Type  H <return>  for immediate help.
 ...                                              
                                                  
l.15 ...–∏–∑ –ø–æ–¥—Ö–æ–¥—è—â–∏—Ö –æ–≥–∏–±–∞—é—â–∏
                                                  —Ö –¥–ª—è –°–ï–†–í–ê–õ–∞} ...

You may provide a definition with
\DeclareUnicodeCharacter 


! Package inputenc Error: Unicode character —Ö (U+0445)
(inputenc)                not set up for use with LaTeX.

See the inputenc package documentation for explanation.
Type  H <return>  for immediate help.
 ...                                              
                                                  
l.15 ...–∑ –ø–æ–¥—Ö–æ–¥—è—â–∏—Ö –æ–≥–∏–±–∞—é—â–∏—Ö
                                                   –¥–ª—è –°–ï–†–í–ê–õ–∞} \l...

You may provide a definition with
\DeclareUnicodeCharacter 


! Package inputenc Error: Unicode character –¥ (U+0434)
(inputenc)                not set up for use with LaTeX.

See the inputenc package documentation for explanation.
Type  H <return>  for immediate help.
 ...                                              
                                                  
l.15 ...–ø–æ–¥—Ö–æ–¥—è—â–∏—Ö –æ–≥–∏–±–∞—é—â–∏—Ö –¥
                                                  –ª—è –°–ï–†–í–ê–õ–∞} \labe...

You may provide a definition with
\DeclareUnicodeCharacter 


! Package inputenc Error: Unicode character –ª (U+043B)
(inputenc)                not set up for use with LaTeX.

See the inputenc package documentation for explanation.
Type  H <return>  for immediate help.
 ...                                              
                                                  
l.15 ...–æ–¥—Ö–æ–¥—è—â–∏—Ö –æ–≥–∏–±–∞—é—â–∏—Ö –¥–ª
                                                  —è –°–ï–†–í–ê–õ–∞} \label{...

You may provide a definition with
\DeclareUnicodeCharacter 


! Package inputenc Error: Unicode character —è (U+044F)
(inputenc)                not set up for use with LaTeX.

See the inputenc package documentation for explanation.
Type  H <return>  for immediate help.
 ...                                              
                                                  
l.15 ...–¥—Ö–æ–¥—è—â–∏—Ö –æ–≥–∏–±–∞—é—â–∏—Ö –¥–ª—è
                                                   –°–ï–†–í–ê–õ–∞} \label{Ap...

You may provide a definition with
\DeclareUnicodeCharacter 


! Package inputenc Error: Unicode character –° (U+0421)
(inputenc)                not set up for use with LaTeX.

See the inputenc package documentation for explanation.
Type  H <return>  for immediate help.
 ...                                              
                                                  
l.15 ...Ö–æ–¥—è—â–∏—Ö –æ–≥–∏–±–∞—é—â–∏—Ö –¥–ª—è –°
                                                  –ï–†–í–ê–õ–∞} \label{Appen...

You may provide a definition with
\DeclareUnicodeCharacter 


! Package inputenc Error: Unicode character –ï (U+0415)
(inputenc)                not set up for use with LaTeX.

See the inputenc package documentation for explanation.
Type  H <return>  for immediate help.
 ...                                              
                                                  
l.15 ...æ–¥—è—â–∏—Ö –æ–≥–∏–±–∞—é—â–∏—Ö –¥–ª—è –°–ï
                                                  –†–í–ê–õ–∞} \label{AppendixA}

You may provide a definition with
\DeclareUnicodeCharacter 


! Package inputenc Error: Unicode character –† (U+0420)
(inputenc)                not set up for use with LaTeX.

See the inputenc package documentation for explanation.
Type  H <return>  for immediate help.
 ...                                              
                                                  
l.15 ...¥—è—â–∏—Ö –æ–≥–∏–±–∞—é—â–∏—Ö –¥–ª—è –°–ï–†
                                                  –í–ê–õ–∞} \label{AppendixA}
You may provide a definition with
\DeclareUnicodeCharacter 


! Package inputenc Error: Unicode character –í (U+0412)
(inputenc)                not set up for use with LaTeX.

See the inputenc package documentation for explanation.
Type  H <return>  for immediate help.
 ...                                              
                                                  
l.15 ...è—â–∏—Ö –æ–≥–∏–±–∞—é—â–∏—Ö –¥–ª—è –°–ï–†–í
                                                  –ê–õ–∞} \label{AppendixA}
You may provide a definition with
\DeclareUnicodeCharacter 


! Package inputenc Error: Unicode character –ê (U+0410)
(inputenc)                not set up for use with LaTeX.

See the inputenc package documentation for explanation.
Type  H <return>  for immediate help.
 ...                                              
                                                  
l.15 ...â–∏—Ö –æ–≥–∏–±–∞—é—â–∏—Ö –¥–ª—è –°–ï–†–í–ê
                                                  –õ–∞} \label{AppendixA}
You may provide a definition with
\DeclareUnicodeCharacter 


! Package inputenc Error: Unicode character –õ (U+041B)
(inputenc)                not set up for use with LaTeX.

See the inputenc package documentation for explanation.
Type  H <return>  for immediate help.
 ...                                              
                                                  
l.15 ...∏—Ö –æ–≥–∏–±–∞—é—â–∏—Ö –¥–ª—è –°–ï–†–í–ê–õ
                                                  –∞} \label{AppendixA}
You may provide a definition with
\DeclareUnicodeCharacter 


! Package inputenc Error: Unicode character –∞ (U+0430)
(inputenc)                not set up for use with LaTeX.

See the inputenc package documentation for explanation.
Type  H <return>  for immediate help.
 ...                                              
                                                  
l.15 ...Ö –æ–≥–∏–±–∞—é—â–∏—Ö –¥–ª—è –°–ï–†–í–ê–õ–∞
                                                  } \label{AppendixA}
You may provide a definition with
\DeclareUnicodeCharacter 


Overfull \hbox (20.0pt too wide) in paragraph at lines 10--16
[]
 []

! Undefined control sequence.
l.17 \chapter
             {–û–ø–∏—Å–∞–Ω–∏–µ —à–µ—Ä–æ—Ö–æ–≤–∞—Ç–æ—Å—Ç–∏ –ø–æ–≤–µ—Ä—Ö–Ω–æ—Å...
The control sequence at the end of the top line
of your error message was never \def'ed. If you have
misspelled it (e.g., `\hobx'), type `I' and the correct
spelling (e.g., `I\hbox'). Otherwise just continue,
and I'll forget about whatever was undefined.


! Package inputenc Error: Unicode character –û (U+041E)
(inputenc)                not set up for use with LaTeX.

See the inputenc package documentation for explanation.
Type  H <return>  for immediate help.
 ...                                              
                                                  
l.17 \chapter{–û
                –ø–∏—Å–∞–Ω–∏–µ —à–µ—Ä–æ—Ö–æ–≤–∞—Ç–æ—Å—Ç–∏ –ø–æ–≤–µ—Ä—Ö–Ω–æ—Å...

You may provide a definition with
\DeclareUnicodeCharacter 


! Package inputenc Error: Unicode character –ø (U+043F)
(inputenc)                not set up for use with LaTeX.

See the inputenc package documentation for explanation.
Type  H <return>  for immediate help.
 ...                                              
                                                  
l.17 \chapter{–û–ø
                  –∏—Å–∞–Ω–∏–µ —à–µ—Ä–æ—Ö–æ–≤–∞—Ç–æ—Å—Ç–∏ –ø–æ–≤–µ—Ä—Ö–Ω–æ—Å...

You may provide a definition with
\DeclareUnicodeCharacter 


! Package inputenc Error: Unicode character –∏ (U+0438)
(inputenc)                not set up for use with LaTeX.

See the inputenc package documentation for explanation.
Type  H <return>  for immediate help.
 ...                                              
                                                  
l.17 \chapter{–û–ø–∏
                    —Å–∞–Ω–∏–µ —à–µ—Ä–æ—Ö–æ–≤–∞—Ç–æ—Å—Ç–∏ –ø–æ–≤–µ—Ä—Ö–Ω–æ—Å...

You may provide a definition with
\DeclareUnicodeCharacter 


! Package inputenc Error: Unicode character —Å (U+0441)
(inputenc)                not set up for use with LaTeX.

See the inputenc package documentation for explanation.
Type  H <return>  for immediate help.
 ...                                              
                                                  
l.17 \chapter{–û–ø–∏—Å
                      –∞–Ω–∏–µ —à–µ—Ä–æ—Ö–æ–≤–∞—Ç–æ—Å—Ç–∏ –ø–æ–≤–µ—Ä—Ö–Ω–æ—Å...

You may provide a definition with
\DeclareUnicodeCharacter 


! Package inputenc Error: Unicode character –∞ (U+0430)
(inputenc)                not set up for use with LaTeX.

See the inputenc package documentation for explanation.
Type  H <return>  for immediate help.
 ...                                              
                                                  
l.17 \chapter{–û–ø–∏—Å–∞
                        –Ω–∏–µ —à–µ—Ä–æ—Ö–æ–≤–∞—Ç–æ—Å—Ç–∏ –ø–æ–≤–µ—Ä—Ö–Ω–æ—Å...

You may provide a definition with
\DeclareUnicodeCharacter 


! Package inputenc Error: Unicode character –Ω (U+043D)
(inputenc)                not set up for use with LaTeX.

See the inputenc package documentation for explanation.
Type  H <return>  for immediate help.
 ...                                              
                                                  
l.17 \chapter{–û–ø–∏—Å–∞–Ω
                          –∏–µ —à–µ—Ä–æ—Ö–æ–≤–∞—Ç–æ—Å—Ç–∏ –ø–æ–≤–µ—Ä—Ö–Ω–æ—Å...

You may provide a definition with
\DeclareUnicodeCharacter 


! Package inputenc Error: Unicode character –∏ (U+0438)
(inputenc)                not set up for use with LaTeX.

See the inputenc package documentation for explanation.
Type  H <return>  for immediate help.
 ...                                              
                                                  
l.17 \chapter{–û–ø–∏—Å–∞–Ω–∏
                            –µ —à–µ—Ä–æ—Ö–æ–≤–∞—Ç–æ—Å—Ç–∏ –ø–æ–≤–µ—Ä—Ö–Ω–æ—Å...

You may provide a definition with
\DeclareUnicodeCharacter 


! Package inputenc Error: Unicode character –µ (U+0435)
(inputenc)                not set up for use with LaTeX.

See the inputenc package documentation for explanation.
Type  H <return>  for immediate help.
 ...                                              
                                                  
l.17 \chapter{–û–ø–∏—Å–∞–Ω–∏–µ
                               —à–µ—Ä–æ—Ö–æ–≤–∞—Ç–æ—Å—Ç–∏ –ø–æ–≤–µ—Ä—Ö–Ω–æ—Å...

You may provide a definition with
\DeclareUnicodeCharacter 


! Package inputenc Error: Unicode character —à (U+0448)
(inputenc)                not set up for use with LaTeX.

See the inputenc package documentation for explanation.
Type  H <return>  for immediate help.
 ...                                              
                                                  
l.17 \chapter{–û–ø–∏—Å–∞–Ω–∏–µ —à
                                 –µ—Ä–æ—Ö–æ–≤–∞—Ç–æ—Å—Ç–∏ –ø–æ–≤–µ—Ä—Ö–Ω–æ—Å...

You may provide a definition with
\DeclareUnicodeCharacter 


! Package inputenc Error: Unicode character –µ (U+0435)
(inputenc)                not set up for use with LaTeX.

See the inputenc package documentation for explanation.
Type  H <return>  for immediate help.
 ...                                              
                                                  
l.17 \chapter{–û–ø–∏—Å–∞–Ω–∏–µ —à–µ
                                   —Ä–æ—Ö–æ–≤–∞—Ç–æ—Å—Ç–∏ –ø–æ–≤–µ—Ä—Ö–Ω–æ—Å...

You may provide a definition with
\DeclareUnicodeCharacter 


! Package inputenc Error: Unicode character —Ä (U+0440)
(inputenc)                not set up for use with LaTeX.

See the inputenc package documentation for explanation.
Type  H <return>  for immediate help.
 ...                                              
                                                  
l.17 \chapter{–û–ø–∏—Å–∞–Ω–∏–µ —à–µ—Ä
                                     –æ—Ö–æ–≤–∞—Ç–æ—Å—Ç–∏ –ø–æ–≤–µ—Ä—Ö–Ω–æ—Å...

You may provide a definition with
\DeclareUnicodeCharacter 


! Package inputenc Error: Unicode character –æ (U+043E)
(inputenc)                not set up for use with LaTeX.

See the inputenc package documentation for explanation.
Type  H <return>  for immediate help.
 ...                                              
                                                  
l.17 \chapter{–û–ø–∏—Å–∞–Ω–∏–µ —à–µ—Ä–æ
                                       —Ö–æ–≤–∞—Ç–æ—Å—Ç–∏ –ø–æ–≤–µ—Ä—Ö–Ω–æ—Å...

You may provide a definition with
\DeclareUnicodeCharacter 


! Package inputenc Error: Unicode character —Ö (U+0445)
(inputenc)                not set up for use with LaTeX.

See the inputenc package documentation for explanation.
Type  H <return>  for immediate help.
 ...                                              
                                                  
l.17 \chapter{–û–ø–∏—Å–∞–Ω–∏–µ —à–µ—Ä–æ—Ö
                                         –æ–≤–∞—Ç–æ—Å—Ç–∏ –ø–æ–≤–µ—Ä—Ö–Ω–æ—Å...

You may provide a definition with
\DeclareUnicodeCharacter 


! Package inputenc Error: Unicode character –æ (U+043E)
(inputenc)                not set up for use with LaTeX.

See the inputenc package documentation for explanation.
Type  H <return>  for immediate help.
 ...                                              
                                                  
l.17 \chapter{–û–ø–∏—Å–∞–Ω–∏–µ —à–µ—Ä–æ—Ö–æ
                                           –≤–∞—Ç–æ—Å—Ç–∏ –ø–æ–≤–µ—Ä—Ö–Ω–æ—Å...

You may provide a definition with
\DeclareUnicodeCharacter 


! Package inputenc Error: Unicode character –≤ (U+0432)
(inputenc)                not set up for use with LaTeX.

See the inputenc package documentation for explanation.
Type  H <return>  for immediate help.
 ...                                              
                                                  
l.17 \chapter{–û–ø–∏—Å–∞–Ω–∏–µ —à–µ—Ä–æ—Ö–æ–≤
                                             –∞—Ç–æ—Å—Ç–∏ –ø–æ–≤–µ—Ä—Ö–Ω–æ—Å...

You may provide a definition with
\DeclareUnicodeCharacter 


! Package inputenc Error: Unicode character –∞ (U+0430)
(inputenc)                not set up for use with LaTeX.

See the inputenc package documentation for explanation.
Type  H <return>  for immediate help.
 ...                                              
                                                  
l.17 \chapter{–û–ø–∏—Å–∞–Ω–∏–µ —à–µ—Ä–æ—Ö–æ–≤–∞
                                               —Ç–æ—Å—Ç–∏ –ø–æ–≤–µ—Ä—Ö–Ω–æ—Å...

You may provide a definition with
\DeclareUnicodeCharacter 


! Package inputenc Error: Unicode character —Ç (U+0442)
(inputenc)                not set up for use with LaTeX.

See the inputenc package documentation for explanation.
Type  H <return>  for immediate help.
 ...                                              
                                                  
l.17 \chapter{–û–ø–∏—Å–∞–Ω–∏–µ —à–µ—Ä–æ—Ö–æ–≤–∞—Ç
                                                 –æ—Å—Ç–∏ –ø–æ–≤–µ—Ä—Ö–Ω–æ—Å...

You may provide a definition with
\DeclareUnicodeCharacter 


! Package inputenc Error: Unicode character –æ (U+043E)
(inputenc)                not set up for use with LaTeX.

See the inputenc package documentation for explanation.
Type  H <return>  for immediate help.
 ...                                              
                                                  
l.17 ...pter{–û–ø–∏—Å–∞–Ω–∏–µ —à–µ—Ä–æ—Ö–æ–≤–∞—Ç–æ
                                                  —Å—Ç–∏ –ø–æ–≤–µ—Ä—Ö–Ω–æ—Å—...

You may provide a definition with
\DeclareUnicodeCharacter 


! Package inputenc Error: Unicode character —Å (U+0441)
(inputenc)                not set up for use with LaTeX.

See the inputenc package documentation for explanation.
Type  H <return>  for immediate help.
 ...                                              
                                                  
l.17 ...er{–û–ø–∏—Å–∞–Ω–∏–µ —à–µ—Ä–æ—Ö–æ–≤–∞—Ç–æ—Å
                                                  —Ç–∏ –ø–æ–≤–µ—Ä—Ö–Ω–æ—Å—Ç–...

You may provide a definition with
\DeclareUnicodeCharacter 


! Package inputenc Error: Unicode character —Ç (U+0442)
(inputenc)                not set up for use with LaTeX.

See the inputenc package documentation for explanation.
Type  H <return>  for immediate help.
 ...                                              
                                                  
l.17 ...{–û–ø–∏—Å–∞–Ω–∏–µ —à–µ—Ä–æ—Ö–æ–≤–∞—Ç–æ—Å—Ç
                                                  –∏ –ø–æ–≤–µ—Ä—Ö–Ω–æ—Å—Ç–µ–...

You may provide a definition with
\DeclareUnicodeCharacter 


! Package inputenc Error: Unicode character –∏ (U+0438)
(inputenc)                not set up for use with LaTeX.

See the inputenc package documentation for explanation.
Type  H <return>  for immediate help.
 ...                                              
                                                  
l.17 ...û–ø–∏—Å–∞–Ω–∏–µ —à–µ—Ä–æ—Ö–æ–≤–∞—Ç–æ—Å—Ç–∏
                                                   –ø–æ–≤–µ—Ä—Ö–Ω–æ—Å—Ç–µ–π ...

You may provide a definition with
\DeclareUnicodeCharacter 


! Package inputenc Error: Unicode character –ø (U+043F)
(inputenc)                not set up for use with LaTeX.

See the inputenc package documentation for explanation.
Type  H <return>  for immediate help.
 ...                                              
                                                  
l.17 ...–∏—Å–∞–Ω–∏–µ —à–µ—Ä–æ—Ö–æ–≤–∞—Ç–æ—Å—Ç–∏ –ø
                                                  –æ–≤–µ—Ä—Ö–Ω–æ—Å—Ç–µ–π –∑–...

You may provide a definition with
\DeclareUnicodeCharacter 


! Package inputenc Error: Unicode character –æ (U+043E)
(inputenc)                not set up for use with LaTeX.

See the inputenc package documentation for explanation.
Type  H <return>  for immediate help.
 ...                                              
                                                  
l.17 ...—Å–∞–Ω–∏–µ —à–µ—Ä–æ—Ö–æ–≤–∞—Ç–æ—Å—Ç–∏ –ø–æ
                                                  –≤–µ—Ä—Ö–Ω–æ—Å—Ç–µ–π –∑–µ—...

You may provide a definition with
\DeclareUnicodeCharacter 


! Package inputenc Error: Unicode character –≤ (U+0432)
(inputenc)                not set up for use with LaTeX.

See the inputenc package documentation for explanation.
Type  H <return>  for immediate help.
 ...                                              
                                                  
l.17 ...–∞–Ω–∏–µ —à–µ—Ä–æ—Ö–æ–≤–∞—Ç–æ—Å—Ç–∏ –ø–æ–≤
                                                  –µ—Ä—Ö–Ω–æ—Å—Ç–µ–π –∑–µ—Ä–...

You may provide a definition with
\DeclareUnicodeCharacter 


! Package inputenc Error: Unicode character –µ (U+0435)
(inputenc)                not set up for use with LaTeX.

See the inputenc package documentation for explanation.
Type  H <return>  for immediate help.
 ...                                              
                                                  
l.17 ...–Ω–∏–µ —à–µ—Ä–æ—Ö–æ–≤–∞—Ç–æ—Å—Ç–∏ –ø–æ–≤–µ
                                                  —Ä—Ö–Ω–æ—Å—Ç–µ–π –∑–µ—Ä–∫–...

You may provide a definition with
\DeclareUnicodeCharacter 


! Package inputenc Error: Unicode character —Ä (U+0440)
(inputenc)                not set up for use with LaTeX.

See the inputenc package documentation for explanation.
Type  H <return>  for immediate help.
 ...                                              
                                                  
l.17 ...–∏–µ —à–µ—Ä–æ—Ö–æ–≤–∞—Ç–æ—Å—Ç–∏ –ø–æ–≤–µ—Ä
                                                  —Ö–Ω–æ—Å—Ç–µ–π –∑–µ—Ä–∫–∞–...

You may provide a definition with
\DeclareUnicodeCharacter 


! Package inputenc Error: Unicode character —Ö (U+0445)
(inputenc)                not set up for use with LaTeX.

See the inputenc package documentation for explanation.
Type  H <return>  for immediate help.
 ...                                              
                                                  
l.17 ...–µ —à–µ—Ä–æ—Ö–æ–≤–∞—Ç–æ—Å—Ç–∏ –ø–æ–≤–µ—Ä—Ö
                                                  –Ω–æ—Å—Ç–µ–π –∑–µ—Ä–∫–∞–ª}...

You may provide a definition with
\DeclareUnicodeCharacter 


! Package inputenc Error: Unicode character –Ω (U+043D)
(inputenc)                not set up for use with LaTeX.

See the inputenc package documentation for explanation.
Type  H <return>  for immediate help.
 ...                                              
                                                  
l.17 ... —à–µ—Ä–æ—Ö–æ–≤–∞—Ç–æ—Å—Ç–∏ –ø–æ–≤–µ—Ä—Ö–Ω
                                                  –æ—Å—Ç–µ–π –∑–µ—Ä–∫–∞–ª} \...

You may provide a definition with
\DeclareUnicodeCharacter 


! Package inputenc Error: Unicode character –æ (U+043E)
(inputenc)                not set up for use with LaTeX.

See the inputenc package documentation for explanation.
Type  H <return>  for immediate help.
 ...                                              
                                                  
l.17 ...à–µ—Ä–æ—Ö–æ–≤–∞—Ç–æ—Å—Ç–∏ –ø–æ–≤–µ—Ä—Ö–Ω–æ
                                                  —Å—Ç–µ–π –∑–µ—Ä–∫–∞–ª} \la...

You may provide a definition with
\DeclareUnicodeCharacter 


! Package inputenc Error: Unicode character —Å (U+0441)
(inputenc)                not set up for use with LaTeX.

See the inputenc package documentation for explanation.
Type  H <return>  for immediate help.
 ...                                              
                                                  
l.17 ...µ—Ä–æ—Ö–æ–≤–∞—Ç–æ—Å—Ç–∏ –ø–æ–≤–µ—Ä—Ö–Ω–æ—Å
                                                  —Ç–µ–π –∑–µ—Ä–∫–∞–ª} \labe...

You may provide a definition with
\DeclareUnicodeCharacter 


! Package inputenc Error: Unicode character —Ç (U+0442)
(inputenc)                not set up for use with LaTeX.

See the inputenc package documentation for explanation.
Type  H <return>  for immediate help.
 ...                                              
                                                  
l.17 ...Ä–æ—Ö–æ–≤–∞—Ç–æ—Å—Ç–∏ –ø–æ–≤–µ—Ä—Ö–Ω–æ—Å—Ç
                                                  –µ–π –∑–µ—Ä–∫–∞–ª} \label{...

You may provide a definition with
\DeclareUnicodeCharacter 


! Package inputenc Error: Unicode character –µ (U+0435)
(inputenc)                not set up for use with LaTeX.

See the inputenc package documentation for explanation.
Type  H <return>  for immediate help.
 ...                                              
                                                  
l.17 ...æ—Ö–æ–≤–∞—Ç–æ—Å—Ç–∏ –ø–æ–≤–µ—Ä—Ö–Ω–æ—Å—Ç–µ
                                                  –π –∑–µ—Ä–∫–∞–ª} \label{Ap...

You may provide a definition with
\DeclareUnicodeCharacter 


! Package inputenc Error: Unicode character –π (U+0439)
(inputenc)                not set up for use with LaTeX.

See the inputenc package documentation for explanation.
Type  H <return>  for immediate help.
 ...                                              
                                                  
l.17 ...Ö–æ–≤–∞—Ç–æ—Å—Ç–∏ –ø–æ–≤–µ—Ä—Ö–Ω–æ—Å—Ç–µ–π
                                                   –∑–µ—Ä–∫–∞–ª} \label{Appe...

You may provide a definition with
\DeclareUnicodeCharacter 


! Package inputenc Error: Unicode character –∑ (U+0437)
(inputenc)                not set up for use with LaTeX.

See the inputenc package documentation for explanation.
Type  H <return>  for immediate help.
 ...                                              
                                                  
l.17 ...–≤–∞—Ç–æ—Å—Ç–∏ –ø–æ–≤–µ—Ä—Ö–Ω–æ—Å—Ç–µ–π –∑
                                                  –µ—Ä–∫–∞–ª} \label{AppendixB}

You may provide a definition with
\DeclareUnicodeCharacter 


! Package inputenc Error: Unicode character –µ (U+0435)
(inputenc)                not set up for use with LaTeX.

See the inputenc package documentation for explanation.
Type  H <return>  for immediate help.
 ...                                              
                                                  
l.17 ...–∞—Ç–æ—Å—Ç–∏ –ø–æ–≤–µ—Ä—Ö–Ω–æ—Å—Ç–µ–π –∑–µ
                                                  —Ä–∫–∞–ª} \label{AppendixB}
You may provide a definition with
\DeclareUnicodeCharacter 


! Package inputenc Error: Unicode character —Ä (U+0440)
(inputenc)                not set up for use with LaTeX.

See the inputenc package documentation for explanation.
Type  H <return>  for immediate help.
 ...                                              
                                                  
l.17 ...—Ç–æ—Å—Ç–∏ –ø–æ–≤–µ—Ä—Ö–Ω–æ—Å—Ç–µ–π –∑–µ—Ä
                                                  –∫–∞–ª} \label{AppendixB}
You may provide a definition with
\DeclareUnicodeCharacter 


! Package inputenc Error: Unicode character –∫ (U+043A)
(inputenc)                not set up for use with LaTeX.

See the inputenc package documentation for explanation.
Type  H <return>  for immediate help.
 ...                                              
                                                  
l.17 ...–æ—Å—Ç–∏ –ø–æ–≤–µ—Ä—Ö–Ω–æ—Å—Ç–µ–π –∑–µ—Ä–∫
                                                  –∞–ª} \label{AppendixB}
You may provide a definition with
\DeclareUnicodeCharacter 


! Package inputenc Error: Unicode character –∞ (U+0430)
(inputenc)                not set up for use with LaTeX.

See the inputenc package documentation for explanation.
Type  H <return>  for immediate help.
 ...                                              
                                                  
l.17 ...—Å—Ç–∏ –ø–æ–≤–µ—Ä—Ö–Ω–æ—Å—Ç–µ–π –∑–µ—Ä–∫–∞
                                                  –ª} \label{AppendixB}
You may provide a definition with
\DeclareUnicodeCharacter 


! Package inputenc Error: Unicode character –ª (U+043B)
(inputenc)                not set up for use with LaTeX.

See the inputenc package documentation for explanation.
Type  H <return>  for immediate help.
 ...                                              
                                                  
l.17 ...—Ç–∏ –ø–æ–≤–µ—Ä—Ö–Ω–æ—Å—Ç–µ–π –∑–µ—Ä–∫–∞–ª
                                                  } \label{AppendixB}
You may provide a definition with
\DeclareUnicodeCharacter 


! Package inputenc Error: Unicode character –ß (U+0427)
(inputenc)                not set up for use with LaTeX.

See the inputenc package documentation for explanation.
Type  H <return>  for immediate help.
 ...                                              
                                                  
l.18 –ß
       –∏—Å–ª–æ –®—Ç—Ä–µ–ª—è, –æ–ø–∏—Å—ã–≤–∞—é—â–µ–µ –æ—Ç–Ω–æ—Å–∏—Ç–µ–ª—å–Ω–...

You may provide a definition with
\DeclareUnicodeCharacter 


! Package inputenc Error: Unicode character –∏ (U+0438)
(inputenc)                not set up for use with LaTeX.

See the inputenc package documentation for explanation.
Type  H <return>  for immediate help.
 ...                                              
                                                  
l.18 –ß–∏
         —Å–ª–æ –®—Ç—Ä–µ–ª—è, –æ–ø–∏—Å—ã–≤–∞—é—â–µ–µ –æ—Ç–Ω–æ—Å–∏—Ç–µ–ª—å–Ω–...

You may provide a definition with
\DeclareUnicodeCharacter 


! Package inputenc Error: Unicode character —Å (U+0441)
(inputenc)                not set up for use with LaTeX.

See the inputenc package documentation for explanation.
Type  H <return>  for immediate help.
 ...                                              
                                                  
l.18 –ß–∏—Å
           –ª–æ –®—Ç—Ä–µ–ª—è, –æ–ø–∏—Å—ã–≤–∞—é—â–µ–µ –æ—Ç–Ω–æ—Å–∏—Ç–µ–ª—å–Ω–...

You may provide a definition with
\DeclareUnicodeCharacter 


! Package inputenc Error: Unicode character –ª (U+043B)
(inputenc)                not set up for use with LaTeX.

See the inputenc package documentation for explanation.
Type  H <return>  for immediate help.
 ...                                              
                                                  
l.18 –ß–∏—Å–ª
             –æ –®—Ç—Ä–µ–ª—è, –æ–ø–∏—Å—ã–≤–∞—é—â–µ–µ –æ—Ç–Ω–æ—Å–∏—Ç–µ–ª—å–Ω–...

You may provide a definition with
\DeclareUnicodeCharacter 


! Package inputenc Error: Unicode character –æ (U+043E)
(inputenc)                not set up for use with LaTeX.

See the inputenc package documentation for explanation.
Type  H <return>  for immediate help.
 ...                                              
                                                  
l.18 –ß–∏—Å–ª–æ
                –®—Ç—Ä–µ–ª—è, –æ–ø–∏—Å—ã–≤–∞—é—â–µ–µ –æ—Ç–Ω–æ—Å–∏—Ç–µ–ª—å–Ω–...

You may provide a definition with
\DeclareUnicodeCharacter 


! Package inputenc Error: Unicode character –® (U+0428)
(inputenc)                not set up for use with LaTeX.

See the inputenc package documentation for explanation.
Type  H <return>  for immediate help.
 ...                                              
                                                  
l.18 –ß–∏—Å–ª–æ –®
                  —Ç—Ä–µ–ª—è, –æ–ø–∏—Å—ã–≤–∞—é—â–µ–µ –æ—Ç–Ω–æ—Å–∏—Ç–µ–ª—å–Ω–...

You may provide a definition with
\DeclareUnicodeCharacter 


! Package inputenc Error: Unicode character —Ç (U+0442)
(inputenc)                not set up for use with LaTeX.

See the inputenc package documentation for explanation.
Type  H <return>  for immediate help.
 ...                                              
                                                  
l.18 –ß–∏—Å–ª–æ –®—Ç
                    —Ä–µ–ª—è, –æ–ø–∏—Å—ã–≤–∞—é—â–µ–µ –æ—Ç–Ω–æ—Å–∏—Ç–µ–ª—å–Ω–...

You may provide a definition with
\DeclareUnicodeCharacter 


! Package inputenc Error: Unicode character —Ä (U+0440)
(inputenc)                not set up for use with LaTeX.

See the inputenc package documentation for explanation.
Type  H <return>  for immediate help.
 ...                                              
                                                  
l.18 –ß–∏—Å–ª–æ –®—Ç—Ä
                      –µ–ª—è, –æ–ø–∏—Å—ã–≤–∞—é—â–µ–µ –æ—Ç–Ω–æ—Å–∏—Ç–µ–ª—å–Ω–...

You may provide a definition with
\DeclareUnicodeCharacter 


! Package inputenc Error: Unicode character –µ (U+0435)
(inputenc)                not set up for use with LaTeX.

See the inputenc package documentation for explanation.
Type  H <return>  for immediate help.
 ...                                              
                                                  
l.18 –ß–∏—Å–ª–æ –®—Ç—Ä–µ
                        –ª—è, –æ–ø–∏—Å—ã–≤–∞—é—â–µ–µ –æ—Ç–Ω–æ—Å–∏—Ç–µ–ª—å–Ω–...

You may provide a definition with
\DeclareUnicodeCharacter 


! Package inputenc Error: Unicode character –ª (U+043B)
(inputenc)                not set up for use with LaTeX.

See the inputenc package documentation for explanation.
Type  H <return>  for immediate help.
 ...                                              
                                                  
l.18 –ß–∏—Å–ª–æ –®—Ç—Ä–µ–ª
                          —è, –æ–ø–∏—Å—ã–≤–∞—é—â–µ–µ –æ—Ç–Ω–æ—Å–∏—Ç–µ–ª—å–Ω–...

You may provide a definition with
\DeclareUnicodeCharacter 


! Package inputenc Error: Unicode character —è (U+044F)
(inputenc)                not set up for use with LaTeX.

See the inputenc package documentation for explanation.
Type  H <return>  for immediate help.
 ...                                              
                                                  
l.18 –ß–∏—Å–ª–æ –®—Ç—Ä–µ–ª—è
                            , –æ–ø–∏—Å—ã–≤–∞—é—â–µ–µ –æ—Ç–Ω–æ—Å–∏—Ç–µ–ª—å–Ω–...

You may provide a definition with
\DeclareUnicodeCharacter 


! LaTeX Error: Missing \begin{document}.

See the LaTeX manual or LaTeX Companion for explanation.
Type  H <return>  for immediate help.
 ...                                              
                                                  
l.18 –ß–∏—Å–ª–æ –®—Ç—Ä–µ–ª—è,
                              –æ–ø–∏—Å—ã–≤–∞—é—â–µ–µ –æ—Ç–Ω–æ—Å–∏—Ç–µ–ª—å–Ω–...

You're in trouble here.  Try typing  <return>  to proceed.
If that doesn't work, type  X <return>  to quit.

Missing character: There is no , in font nullfont!

! Package inputenc Error: Unicode character –æ (U+043E)
(inputenc)                not set up for use with LaTeX.

See the inputenc package documentation for explanation.
Type  H <return>  for immediate help.
 ...                                              
                                                  
l.18 –ß–∏—Å–ª–æ –®—Ç—Ä–µ–ª—è, –æ
                                –ø–∏—Å—ã–≤–∞—é—â–µ–µ –æ—Ç–Ω–æ—Å–∏—Ç–µ–ª—å–Ω–...

You may provide a definition with
\DeclareUnicodeCharacter 


! Package inputenc Error: Unicode character –ø (U+043F)
(inputenc)                not set up for use with LaTeX.

See the inputenc package documentation for explanation.
Type  H <return>  for immediate help.
 ...                                              
                                                  
l.18 –ß–∏—Å–ª–æ –®—Ç—Ä–µ–ª—è, –æ–ø
                                  –∏—Å—ã–≤–∞—é—â–µ–µ –æ—Ç–Ω–æ—Å–∏—Ç–µ–ª—å–Ω–...

You may provide a definition with
\DeclareUnicodeCharacter 


! Package inputenc Error: Unicode character –∏ (U+0438)
(inputenc)                not set up for use with LaTeX.

See the inputenc package documentation for explanation.
Type  H <return>  for immediate help.
 ...                                              
                                                  
l.18 –ß–∏—Å–ª–æ –®—Ç—Ä–µ–ª—è, –æ–ø–∏
                                    —Å—ã–≤–∞—é—â–µ–µ –æ—Ç–Ω–æ—Å–∏—Ç–µ–ª—å–Ω–...

You may provide a definition with
\DeclareUnicodeCharacter 


! Package inputenc Error: Unicode character —Å (U+0441)
(inputenc)                not set up for use with LaTeX.

See the inputenc package documentation for explanation.
Type  H <return>  for immediate help.
 ...                                              
                                                  
l.18 –ß–∏—Å–ª–æ –®—Ç—Ä–µ–ª—è, –æ–ø–∏—Å
                                      —ã–≤–∞—é—â–µ–µ –æ—Ç–Ω–æ—Å–∏—Ç–µ–ª—å–Ω–...

You may provide a definition with
\DeclareUnicodeCharacter 


! Package inputenc Error: Unicode character —ã (U+044B)
(inputenc)                not set up for use with LaTeX.

See the inputenc package documentation for explanation.
Type  H <return>  for immediate help.
 ...                                              
                                                  
l.18 –ß–∏—Å–ª–æ –®—Ç—Ä–µ–ª—è, –æ–ø–∏—Å—ã
                                        –≤–∞—é—â–µ–µ –æ—Ç–Ω–æ—Å–∏—Ç–µ–ª—å–Ω–...

You may provide a definition with
\DeclareUnicodeCharacter 


! Package inputenc Error: Unicode character –≤ (U+0432)
(inputenc)                not set up for use with LaTeX.

See the inputenc package documentation for explanation.
Type  H <return>  for immediate help.
 ...                                              
                                                  
l.18 –ß–∏—Å–ª–æ –®—Ç—Ä–µ–ª—è, –æ–ø–∏—Å—ã–≤
                                          –∞—é—â–µ–µ –æ—Ç–Ω–æ—Å–∏—Ç–µ–ª—å–Ω–...

You may provide a definition with
\DeclareUnicodeCharacter 


! Package inputenc Error: Unicode character –∞ (U+0430)
(inputenc)                not set up for use with LaTeX.

See the inputenc package documentation for explanation.
Type  H <return>  for immediate help.
 ...                                              
                                                  
l.18 –ß–∏—Å–ª–æ –®—Ç—Ä–µ–ª—è, –æ–ø–∏—Å—ã–≤–∞
                                            —é—â–µ–µ –æ—Ç–Ω–æ—Å–∏—Ç–µ–ª—å–Ω–...

You may provide a definition with
\DeclareUnicodeCharacter 


! Package inputenc Error: Unicode character —é (U+044E)
(inputenc)                not set up for use with LaTeX.

See the inputenc package documentation for explanation.
Type  H <return>  for immediate help.
 ...                                              
                                                  
l.18 –ß–∏—Å–ª–æ –®—Ç—Ä–µ–ª—è, –æ–ø–∏—Å—ã–≤–∞—é
                                              —â–µ–µ –æ—Ç–Ω–æ—Å–∏—Ç–µ–ª—å–Ω–...

You may provide a definition with
\DeclareUnicodeCharacter 


! Package inputenc Error: Unicode character —â (U+0449)
(inputenc)                not set up for use with LaTeX.

See the inputenc package documentation for explanation.
Type  H <return>  for immediate help.
 ...                                              
                                                  
l.18 –ß–∏—Å–ª–æ –®—Ç—Ä–µ–ª—è, –æ–ø–∏—Å—ã–≤–∞—é—â
                                                –µ–µ –æ—Ç–Ω–æ—Å–∏—Ç–µ–ª—å–Ω–...

You may provide a definition with
\DeclareUnicodeCharacter 


! Package inputenc Error: Unicode character –µ (U+0435)
(inputenc)                not set up for use with LaTeX.

See the inputenc package documentation for explanation.
Type  H <return>  for immediate help.
 ...                                              
                                                  
l.18 –ß–∏—Å–ª–æ –®—Ç—Ä–µ–ª—è, –æ–ø–∏—Å—ã–≤–∞—é—â–µ
                                                  –µ –æ—Ç–Ω–æ—Å–∏—Ç–µ–ª—å–Ω–...

You may provide a definition with
\DeclareUnicodeCharacter 


! Package inputenc Error: Unicode character –µ (U+0435)
(inputenc)                not set up for use with LaTeX.

See the inputenc package documentation for explanation.
Type  H <return>  for immediate help.
 ...                                              
                                                  
l.18 ...Å–ª–æ –®—Ç—Ä–µ–ª—è, –æ–ø–∏—Å—ã–≤–∞—é—â–µ–µ
                                                   –æ—Ç–Ω–æ—Å–∏—Ç–µ–ª—å–Ω–æ–...

You may provide a definition with
\DeclareUnicodeCharacter 


! Package inputenc Error: Unicode character –æ (U+043E)
(inputenc)                not set up for use with LaTeX.

See the inputenc package documentation for explanation.
Type  H <return>  for immediate help.
 ...                                              
                                                  
l.18 ...–æ –®—Ç—Ä–µ–ª—è, –æ–ø–∏—Å—ã–≤–∞—é—â–µ–µ –æ
                                                  —Ç–Ω–æ—Å–∏—Ç–µ–ª—å–Ω–æ–µ –...

You may provide a definition with
\DeclareUnicodeCharacter 


! Package inputenc Error: Unicode character —Ç (U+0442)
(inputenc)                not set up for use with LaTeX.

See the inputenc package documentation for explanation.
Type  H <return>  for immediate help.
 ...                                              
                                                  
l.18 ... –®—Ç—Ä–µ–ª—è, –æ–ø–∏—Å—ã–≤–∞—é—â–µ–µ –æ—Ç
                                                  –Ω–æ—Å–∏—Ç–µ–ª—å–Ω–æ–µ –ø–...

You may provide a definition with
\DeclareUnicodeCharacter 


! Package inputenc Error: Unicode character –Ω (U+043D)
(inputenc)                not set up for use with LaTeX.

See the inputenc package documentation for explanation.
Type  H <return>  for immediate help.
 ...                                              
                                                  
l.18 ...®—Ç—Ä–µ–ª—è, –æ–ø–∏—Å—ã–≤–∞—é—â–µ–µ –æ—Ç–Ω
                                                  –æ—Å–∏—Ç–µ–ª—å–Ω–æ–µ –ø–∞–...

You may provide a definition with
\DeclareUnicodeCharacter 


! Package inputenc Error: Unicode character –æ (U+043E)
(inputenc)                not set up for use with LaTeX.

See the inputenc package documentation for explanation.
Type  H <return>  for immediate help.
 ...                                              
                                                  
l.18 ...Ç—Ä–µ–ª—è, –æ–ø–∏—Å—ã–≤–∞—é—â–µ–µ –æ—Ç–Ω–æ
                                                  —Å–∏—Ç–µ–ª—å–Ω–æ–µ –ø–∞–¥–...

You may provide a definition with
\DeclareUnicodeCharacter 


! Package inputenc Error: Unicode character —Å (U+0441)
(inputenc)                not set up for use with LaTeX.

See the inputenc package documentation for explanation.
Type  H <return>  for immediate help.
 ...                                              
                                                  
l.18 ...Ä–µ–ª—è, –æ–ø–∏—Å—ã–≤–∞—é—â–µ–µ –æ—Ç–Ω–æ—Å
                                                  –∏—Ç–µ–ª—å–Ω–æ–µ –ø–∞–¥–µ–...

You may provide a definition with
\DeclareUnicodeCharacter 


! Package inputenc Error: Unicode character –∏ (U+0438)
(inputenc)                not set up for use with LaTeX.

See the inputenc package documentation for explanation.
Type  H <return>  for immediate help.
 ...                                              
                                                  
l.18 ...µ–ª—è, –æ–ø–∏—Å—ã–≤–∞—é—â–µ–µ –æ—Ç–Ω–æ—Å–∏
                                                  —Ç–µ–ª—å–Ω–æ–µ –ø–∞–¥–µ–Ω–...

You may provide a definition with
\DeclareUnicodeCharacter 


! Package inputenc Error: Unicode character —Ç (U+0442)
(inputenc)                not set up for use with LaTeX.

See the inputenc package documentation for explanation.
Type  H <return>  for immediate help.
 ...                                              
                                                  
l.18 ...ª—è, –æ–ø–∏—Å—ã–≤–∞—é—â–µ–µ –æ—Ç–Ω–æ—Å–∏—Ç
                                                  –µ–ª—å–Ω–æ–µ –ø–∞–¥–µ–Ω–∏–...

You may provide a definition with
\DeclareUnicodeCharacter 


! Package inputenc Error: Unicode character –µ (U+0435)
(inputenc)                not set up for use with LaTeX.

See the inputenc package documentation for explanation.
Type  H <return>  for immediate help.
 ...                                              
                                                  
l.18 ...è, –æ–ø–∏—Å—ã–≤–∞—é—â–µ–µ –æ—Ç–Ω–æ—Å–∏—Ç–µ
                                                  –ª—å–Ω–æ–µ –ø–∞–¥–µ–Ω–∏–µ ...

You may provide a definition with
\DeclareUnicodeCharacter 


! Package inputenc Error: Unicode character –ª (U+043B)
(inputenc)                not set up for use with LaTeX.

See the inputenc package documentation for explanation.
Type  H <return>  for immediate help.
 ...                                              
                                                  
l.18 ... –æ–ø–∏—Å—ã–≤–∞—é—â–µ–µ –æ—Ç–Ω–æ—Å–∏—Ç–µ–ª
                                                  —å–Ω–æ–µ –ø–∞–¥–µ–Ω–∏–µ –∏...

You may provide a definition with
\DeclareUnicodeCharacter 


! Package inputenc Error: Unicode character —å (U+044C)
(inputenc)                not set up for use with LaTeX.

See the inputenc package documentation for explanation.
Type  H <return>  for immediate help.
 ...                                              
                                                  
l.18 ...æ–ø–∏—Å—ã–≤–∞—é—â–µ–µ –æ—Ç–Ω–æ—Å–∏—Ç–µ–ª—å
                                                  –Ω–æ–µ –ø–∞–¥–µ–Ω–∏–µ –∏–Ω...

You may provide a definition with
\DeclareUnicodeCharacter 


! Package inputenc Error: Unicode character –Ω (U+043D)
(inputenc)                not set up for use with LaTeX.

See the inputenc package documentation for explanation.
Type  H <return>  for immediate help.
 ...                                              
                                                  
l.18 ...ø–∏—Å—ã–≤–∞—é—â–µ–µ –æ—Ç–Ω–æ—Å–∏—Ç–µ–ª—å–Ω
                                                  –æ–µ –ø–∞–¥–µ–Ω–∏–µ –∏–Ω—Ç...

You may provide a definition with
\DeclareUnicodeCharacter 


! Package inputenc Error: Unicode character –æ (U+043E)
(inputenc)                not set up for use with LaTeX.

See the inputenc package documentation for explanation.
Type  H <return>  for immediate help.
 ...                                              
                                                  
l.18 ...∏—Å—ã–≤–∞—é—â–µ–µ –æ—Ç–Ω–æ—Å–∏—Ç–µ–ª—å–Ω–æ
                                                  –µ –ø–∞–¥–µ–Ω–∏–µ –∏–Ω—Ç–µ...

You may provide a definition with
\DeclareUnicodeCharacter 


! Package inputenc Error: Unicode character –µ (U+0435)
(inputenc)                not set up for use with LaTeX.

See the inputenc package documentation for explanation.
Type  H <return>  for immediate help.
 ...                                              
                                                  
l.18 ...Å—ã–≤–∞—é—â–µ–µ –æ—Ç–Ω–æ—Å–∏—Ç–µ–ª—å–Ω–æ–µ
                                                   –ø–∞–¥–µ–Ω–∏–µ –∏–Ω—Ç–µ–Ω...

You may provide a definition with
\DeclareUnicodeCharacter 


! Package inputenc Error: Unicode character –ø (U+043F)
(inputenc)                not set up for use with LaTeX.

See the inputenc package documentation for explanation.
Type  H <return>  for immediate help.
 ...                                              
                                                  
l.18 ...–≤–∞—é—â–µ–µ –æ—Ç–Ω–æ—Å–∏—Ç–µ–ª—å–Ω–æ–µ –ø
                                                  –∞–¥–µ–Ω–∏–µ –∏–Ω—Ç–µ–Ω—Å–...

You may provide a definition with
\DeclareUnicodeCharacter 


! Package inputenc Error: Unicode character –∞ (U+0430)
(inputenc)                not set up for use with LaTeX.

See the inputenc package documentation for explanation.
Type  H <return>  for immediate help.
 ...                                              
                                                  
l.18 ...–∞—é—â–µ–µ –æ—Ç–Ω–æ—Å–∏—Ç–µ–ª—å–Ω–æ–µ –ø–∞
                                                  –¥–µ–Ω–∏–µ –∏–Ω—Ç–µ–Ω—Å–∏–...

You may provide a definition with
\DeclareUnicodeCharacter 


! Package inputenc Error: Unicode character –¥ (U+0434)
(inputenc)                not set up for use with LaTeX.

See the inputenc package documentation for explanation.
Type  H <return>  for immediate help.
 ...                                              
                                                  
l.18 ...—é—â–µ–µ –æ—Ç–Ω–æ—Å–∏—Ç–µ–ª—å–Ω–æ–µ –ø–∞–¥
                                                  –µ–Ω–∏–µ –∏–Ω—Ç–µ–Ω—Å–∏–≤–...

You may provide a definition with
\DeclareUnicodeCharacter 


! Package inputenc Error: Unicode character –µ (U+0435)
(inputenc)                not set up for use with LaTeX.

See the inputenc package documentation for explanation.
Type  H <return>  for immediate help.
 ...                                              
                                                  
l.18 ...—â–µ–µ –æ—Ç–Ω–æ—Å–∏—Ç–µ–ª—å–Ω–æ–µ –ø–∞–¥–µ
                                                  –Ω–∏–µ –∏–Ω—Ç–µ–Ω—Å–∏–≤–Ω–...

You may provide a definition with
\DeclareUnicodeCharacter 


! Package inputenc Error: Unicode character –Ω (U+043D)
(inputenc)                not set up for use with LaTeX.

See the inputenc package documentation for explanation.
Type  H <return>  for immediate help.
 ...                                              
                                                  
l.18 ...–µ–µ –æ—Ç–Ω–æ—Å–∏—Ç–µ–ª—å–Ω–æ–µ –ø–∞–¥–µ–Ω
                                                  –∏–µ –∏–Ω—Ç–µ–Ω—Å–∏–≤–Ω–æ—...

You may provide a definition with
\DeclareUnicodeCharacter 


! Package inputenc Error: Unicode character –∏ (U+0438)
(inputenc)                not set up for use with LaTeX.

See the inputenc package documentation for explanation.
Type  H <return>  for immediate help.
 ...                                              
                                                  
l.18 ...–µ –æ—Ç–Ω–æ—Å–∏—Ç–µ–ª—å–Ω–æ–µ –ø–∞–¥–µ–Ω–∏
                                                  –µ –∏–Ω—Ç–µ–Ω—Å–∏–≤–Ω–æ—Å—...

You may provide a definition with
\DeclareUnicodeCharacter 


! Package inputenc Error: Unicode character –µ (U+0435)
(inputenc)                not set up for use with LaTeX.

See the inputenc package documentation for explanation.
Type  H <return>  for immediate help.
 ...                                              
                                                  
l.18 ... –æ—Ç–Ω–æ—Å–∏—Ç–µ–ª—å–Ω–æ–µ –ø–∞–¥–µ–Ω–∏–µ
                                                   –∏–Ω—Ç–µ–Ω—Å–∏–≤–Ω–æ—Å—Ç–...

You may provide a definition with
\DeclareUnicodeCharacter 


! Package inputenc Error: Unicode character –∏ (U+0438)
(inputenc)                not set up for use with LaTeX.

See the inputenc package documentation for explanation.
Type  H <return>  for immediate help.
 ...                                              
                                                  
l.18 ...—Ç–Ω–æ—Å–∏—Ç–µ–ª—å–Ω–æ–µ –ø–∞–¥–µ–Ω–∏–µ –∏
                                                  –Ω—Ç–µ–Ω—Å–∏–≤–Ω–æ—Å—Ç–∏ –...

You may provide a definition with
\DeclareUnicodeCharacter 


! Package inputenc Error: Unicode character –Ω (U+043D)
(inputenc)                not set up for use with LaTeX.

See the inputenc package documentation for explanation.
Type  H <return>  for immediate help.
 ...                                              
                                                  
l.18 ...–Ω–æ—Å–∏—Ç–µ–ª—å–Ω–æ–µ –ø–∞–¥–µ–Ω–∏–µ –∏–Ω
                                                  —Ç–µ–Ω—Å–∏–≤–Ω–æ—Å—Ç–∏ –∏–...

You may provide a definition with
\DeclareUnicodeCharacter 


! Package inputenc Error: Unicode character —Ç (U+0442)
(inputenc)                not set up for use with LaTeX.

See the inputenc package documentation for explanation.
Type  H <return>  for immediate help.
 ...                                              
                                                  
l.18 ...–æ—Å–∏—Ç–µ–ª—å–Ω–æ–µ –ø–∞–¥–µ–Ω–∏–µ –∏–Ω—Ç
                                                  –µ–Ω—Å–∏–≤–Ω–æ—Å—Ç–∏ –∏–∑–...

You may provide a definition with
\DeclareUnicodeCharacter 


! Package inputenc Error: Unicode character –µ (U+0435)
(inputenc)                not set up for use with LaTeX.

See the inputenc package documentation for explanation.
Type  H <return>  for immediate help.
 ...                                              
                                                  
l.18 ...—Å–∏—Ç–µ–ª—å–Ω–æ–µ –ø–∞–¥–µ–Ω–∏–µ –∏–Ω—Ç–µ
                                                  –Ω—Å–∏–≤–Ω–æ—Å—Ç–∏ –∏–∑–ª—...

You may provide a definition with
\DeclareUnicodeCharacter 


! Package inputenc Error: Unicode character –Ω (U+043D)
(inputenc)                not set up for use with LaTeX.

See the inputenc package documentation for explanation.
Type  H <return>  for immediate help.
 ...                                              
                                                  
l.18 ...–∏—Ç–µ–ª—å–Ω–æ–µ –ø–∞–¥–µ–Ω–∏–µ –∏–Ω—Ç–µ–Ω
                                                  —Å–∏–≤–Ω–æ—Å—Ç–∏ –∏–∑–ª—É—...

You may provide a definition with
\DeclareUnicodeCharacter 


! Package inputenc Error: Unicode character —Å (U+0441)
(inputenc)                not set up for use with LaTeX.

See the inputenc package documentation for explanation.
Type  H <return>  for immediate help.
 ...                                              
                                                  
l.18 ...—Ç–µ–ª—å–Ω–æ–µ –ø–∞–¥–µ–Ω–∏–µ –∏–Ω—Ç–µ–Ω—Å
                                                  –∏–≤–Ω–æ—Å—Ç–∏ –∏–∑–ª—É—á–...

You may provide a definition with
\DeclareUnicodeCharacter 


! Package inputenc Error: Unicode character –∏ (U+0438)
(inputenc)                not set up for use with LaTeX.

See the inputenc package documentation for explanation.
Type  H <return>  for immediate help.
 ...                                              
                                                  
l.18 ...–µ–ª—å–Ω–æ–µ –ø–∞–¥–µ–Ω–∏–µ –∏–Ω—Ç–µ–Ω—Å–∏
                                                  –≤–Ω–æ—Å—Ç–∏ –∏–∑–ª—É—á–µ–...

You may provide a definition with
\DeclareUnicodeCharacter 


! Package inputenc Error: Unicode character –≤ (U+0432)
(inputenc)                not set up for use with LaTeX.

See the inputenc package documentation for explanation.
Type  H <return>  for immediate help.
 ...                                              
                                                  
l.18 ...–ª—å–Ω–æ–µ –ø–∞–¥–µ–Ω–∏–µ –∏–Ω—Ç–µ–Ω—Å–∏–≤
                                                  –Ω–æ—Å—Ç–∏ –∏–∑–ª—É—á–µ–Ω–...

You may provide a definition with
\DeclareUnicodeCharacter 


! Package inputenc Error: Unicode character –Ω (U+043D)
(inputenc)                not set up for use with LaTeX.

See the inputenc package documentation for explanation.
Type  H <return>  for immediate help.
 ...                                              
                                                  
l.18 ...—å–Ω–æ–µ –ø–∞–¥–µ–Ω–∏–µ –∏–Ω—Ç–µ–Ω—Å–∏–≤–Ω
                                                  –æ—Å—Ç–∏ –∏–∑–ª—É—á–µ–Ω–∏—...

You may provide a definition with
\DeclareUnicodeCharacter 


! Package inputenc Error: Unicode character –æ (U+043E)
(inputenc)                not set up for use with LaTeX.

See the inputenc package documentation for explanation.
Type  H <return>  for immediate help.
 ...                                              
                                                  
l.18 ...–Ω–æ–µ –ø–∞–¥–µ–Ω–∏–µ –∏–Ω—Ç–µ–Ω—Å–∏–≤–Ω–æ
                                                  —Å—Ç–∏ –∏–∑–ª—É—á–µ–Ω–∏—è ...

You may provide a definition with
\DeclareUnicodeCharacter 


! Package inputenc Error: Unicode character —Å (U+0441)
(inputenc)                not set up for use with LaTeX.

See the inputenc package documentation for explanation.
Type  H <return>  for immediate help.
 ...                                              
                                                  
l.18 ...–æ–µ –ø–∞–¥–µ–Ω–∏–µ –∏–Ω—Ç–µ–Ω—Å–∏–≤–Ω–æ—Å
                                                  —Ç–∏ –∏–∑–ª—É—á–µ–Ω–∏—è –∏...

You may provide a definition with
\DeclareUnicodeCharacter 


! Package inputenc Error: Unicode character —Ç (U+0442)
(inputenc)                not set up for use with LaTeX.

See the inputenc package documentation for explanation.
Type  H <return>  for immediate help.
 ...                                              
                                                  
l.18 ...–µ –ø–∞–¥–µ–Ω–∏–µ –∏–Ω—Ç–µ–Ω—Å–∏–≤–Ω–æ—Å—Ç
                                                  –∏ –∏–∑–ª—É—á–µ–Ω–∏—è –∏–∑...

You may provide a definition with
\DeclareUnicodeCharacter 


! Package inputenc Error: Unicode character –∏ (U+0438)
(inputenc)                not set up for use with LaTeX.

See the inputenc package documentation for explanation.
Type  H <return>  for immediate help.
 ...                                              
                                                  
l.18 ... –ø–∞–¥–µ–Ω–∏–µ –∏–Ω—Ç–µ–Ω—Å–∏–≤–Ω–æ—Å—Ç–∏
                                                   –∏–∑–ª—É—á–µ–Ω–∏—è –∏–∑-–...

You may provide a definition with
\DeclareUnicodeCharacter 


! Package inputenc Error: Unicode character –∏ (U+0438)
(inputenc)                not set up for use with LaTeX.

See the inputenc package documentation for explanation.
Type  H <return>  for immediate help.
 ...                                              
                                                  
l.18 ...–∞–¥–µ–Ω–∏–µ –∏–Ω—Ç–µ–Ω—Å–∏–≤–Ω–æ—Å—Ç–∏ –∏
                                                  –∑–ª—É—á–µ–Ω–∏—è –∏–∑-–∑–∞...

You may provide a definition with
\DeclareUnicodeCharacter 


! Package inputenc Error: Unicode character –∑ (U+0437)
(inputenc)                not set up for use with LaTeX.

See the inputenc package documentation for explanation.
Type  H <return>  for immediate help.
 ...                                              
                                                  
l.18 ...–¥–µ–Ω–∏–µ –∏–Ω—Ç–µ–Ω—Å–∏–≤–Ω–æ—Å—Ç–∏ –∏–∑
                                                  –ª—É—á–µ–Ω–∏—è –∏–∑-–∑–∞ –...

You may provide a definition with
\DeclareUnicodeCharacter 


! Package inputenc Error: Unicode character –ª (U+043B)
(inputenc)                not set up for use with LaTeX.

See the inputenc package documentation for explanation.
Type  H <return>  for immediate help.
 ...                                              
                                                  
l.18 ...–µ–Ω–∏–µ –∏–Ω—Ç–µ–Ω—Å–∏–≤–Ω–æ—Å—Ç–∏ –∏–∑–ª
                                                  —É—á–µ–Ω–∏—è –∏–∑-–∑–∞ –Ω–...

You may provide a definition with
\DeclareUnicodeCharacter 


! Package inputenc Error: Unicode character —É (U+0443)
(inputenc)                not set up for use with LaTeX.

See the inputenc package documentation for explanation.
Type  H <return>  for immediate help.
 ...                                              
                                                  
l.18 ...–Ω–∏–µ –∏–Ω—Ç–µ–Ω—Å–∏–≤–Ω–æ—Å—Ç–∏ –∏–∑–ª—É
                                                  —á–µ–Ω–∏—è –∏–∑-–∑–∞ –Ω–∞–...
(That makes 100 errors; please try again.) 
Here is how much of TeX's memory you used:
 59 strings out of 481239
 857 string characters out of 5920376
 236563 words of memory out of 5000000
 15426 multiletter control sequences out of 15000+600000
 532338 words of font info for 24 fonts, out of 8000000 for 9000
 1141 hyphenation exceptions out of 8191
 12i,0n,15p,587b,36s stack positions out of 5000i,500n,10000p,200000b,80000s

!  ==> Fatal error occurred, no output PDF file produced!
