This is pdfTeX, Version 3.14159265-2.6-1.40.20 (TeX Live 2019/Debian) (preloaded format=pdflatex 2020.11.17)  22 APR 2021 20:40
entering extended mode
 restricted \write18 enabled.
 %&-line parsing enabled.
**glossarium.tex
(./glossarium.tex
LaTeX2e <2020-02-02> patch level 2
L3 programming layer <2020-02-14>
! Undefined control sequence.
l.1 \chapter
            *{–ì–ª–æ—Å—Å–∞—Ä–∏–π}\label{glossarium}
The control sequence at the end of the top line
of your error message was never \def'ed. If you have
misspelled it (e.g., `\hobx'), type `I' and the correct
spelling (e.g., `I\hbox'). Otherwise just continue,
and I'll forget about whatever was undefined.


! LaTeX Error: Missing \begin{document}.

See the LaTeX manual or LaTeX Companion for explanation.
Type  H <return>  for immediate help.
 ...                                              
                                                  
l.1 \chapter*
             {–ì–ª–æ—Å—Å–∞—Ä–∏–π}\label{glossarium}
You're in trouble here.  Try typing  <return>  to proceed.
If that doesn't work, type  X <return>  to quit.

Missing character: There is no * in font nullfont!

! Package inputenc Error: Unicode character –ì (U+0413)
(inputenc)                not set up for use with LaTeX.

See the inputenc package documentation for explanation.
Type  H <return>  for immediate help.
 ...                                              
                                                  
l.1 \chapter*{–ì
                –ª–æ—Å—Å–∞—Ä–∏–π}\label{glossarium}
You may provide a definition with
\DeclareUnicodeCharacter 


! Package inputenc Error: Unicode character –ª (U+043B)
(inputenc)                not set up for use with LaTeX.

See the inputenc package documentation for explanation.
Type  H <return>  for immediate help.
 ...                                              
                                                  
l.1 \chapter*{–ì–ª
                  –æ—Å—Å–∞—Ä–∏–π}\label{glossarium}
You may provide a definition with
\DeclareUnicodeCharacter 


! Package inputenc Error: Unicode character –æ (U+043E)
(inputenc)                not set up for use with LaTeX.

See the inputenc package documentation for explanation.
Type  H <return>  for immediate help.
 ...                                              
                                                  
l.1 \chapter*{–ì–ª–æ
                    —Å—Å–∞—Ä–∏–π}\label{glossarium}
You may provide a definition with
\DeclareUnicodeCharacter 


! Package inputenc Error: Unicode character —Å (U+0441)
(inputenc)                not set up for use with LaTeX.

See the inputenc package documentation for explanation.
Type  H <return>  for immediate help.
 ...                                              
                                                  
l.1 \chapter*{–ì–ª–æ—Å
                      —Å–∞—Ä–∏–π}\label{glossarium}
You may provide a definition with
\DeclareUnicodeCharacter 


! Package inputenc Error: Unicode character —Å (U+0441)
(inputenc)                not set up for use with LaTeX.

See the inputenc package documentation for explanation.
Type  H <return>  for immediate help.
 ...                                              
                                                  
l.1 \chapter*{–ì–ª–æ—Å—Å
                        –∞—Ä–∏–π}\label{glossarium}
You may provide a definition with
\DeclareUnicodeCharacter 


! Package inputenc Error: Unicode character –∞ (U+0430)
(inputenc)                not set up for use with LaTeX.

See the inputenc package documentation for explanation.
Type  H <return>  for immediate help.
 ...                                              
                                                  
l.1 \chapter*{–ì–ª–æ—Å—Å–∞
                          —Ä–∏–π}\label{glossarium}
You may provide a definition with
\DeclareUnicodeCharacter 


! Package inputenc Error: Unicode character —Ä (U+0440)
(inputenc)                not set up for use with LaTeX.

See the inputenc package documentation for explanation.
Type  H <return>  for immediate help.
 ...                                              
                                                  
l.1 \chapter*{–ì–ª–æ—Å—Å–∞—Ä
                            –∏–π}\label{glossarium}
You may provide a definition with
\DeclareUnicodeCharacter 


! Package inputenc Error: Unicode character –∏ (U+0438)
(inputenc)                not set up for use with LaTeX.

See the inputenc package documentation for explanation.
Type  H <return>  for immediate help.
 ...                                              
                                                  
l.1 \chapter*{–ì–ª–æ—Å—Å–∞—Ä–∏
                              –π}\label{glossarium}
You may provide a definition with
\DeclareUnicodeCharacter 


! Package inputenc Error: Unicode character –π (U+0439)
(inputenc)                not set up for use with LaTeX.

See the inputenc package documentation for explanation.
Type  H <return>  for immediate help.
 ...                                              
                                                  
l.1 \chapter*{–ì–ª–æ—Å—Å–∞—Ä–∏–π
                                }\label{glossarium}
You may provide a definition with
\DeclareUnicodeCharacter 


Overfull \hbox (20.0pt too wide) in paragraph at lines 1--3
[][]
 []


! LaTeX Error: Missing \begin{document}.

See the LaTeX manual or LaTeX Companion for explanation.
Type  H <return>  for immediate help.
 ...                                              
                                                  
l.4 \noindent
              \underline{–≠–º–∏—Ç—Ç–∞–Ω—Å} —Ä–µ–ª—è—Ç–∏–≤–∏—Å—Ç—Å–∫–æ–≥–æ —ç...

You're in trouble here.  Try typing  <return>  to proceed.
If that doesn't work, type  X <return>  to quit.

LaTeX Font Info:    External font `cmex10' loaded for size
(Font)              <7> on input line 4.
LaTeX Font Info:    External font `cmex10' loaded for size
(Font)              <5> on input line 4.

! Package inputenc Error: Unicode character –≠ (U+042D)
(inputenc)                not set up for use with LaTeX.

See the inputenc package documentation for explanation.
Type  H <return>  for immediate help.
 ...                                              
                                                  
l.4 \noindent \underline{–≠–º–∏—Ç—Ç–∞–Ω—Å}
                                           —Ä–µ–ª—è—Ç–∏–≤–∏—Å—Ç—Å–∫–æ–≥–æ —ç...

You may provide a definition with
\DeclareUnicodeCharacter 


! Package inputenc Error: Unicode character –º (U+043C)
(inputenc)                not set up for use with LaTeX.

See the inputenc package documentation for explanation.
Type  H <return>  for immediate help.
 ...                                              
                                                  
l.4 \noindent \underline{–≠–º–∏—Ç—Ç–∞–Ω—Å}
                                           —Ä–µ–ª—è—Ç–∏–≤–∏—Å—Ç—Å–∫–æ–≥–æ —ç...

You may provide a definition with
\DeclareUnicodeCharacter 


! Package inputenc Error: Unicode character –∏ (U+0438)
(inputenc)                not set up for use with LaTeX.

See the inputenc package documentation for explanation.
Type  H <return>  for immediate help.
 ...                                              
                                                  
l.4 \noindent \underline{–≠–º–∏—Ç—Ç–∞–Ω—Å}
                                           —Ä–µ–ª—è—Ç–∏–≤–∏—Å—Ç—Å–∫–æ–≥–æ —ç...

You may provide a definition with
\DeclareUnicodeCharacter 


! Package inputenc Error: Unicode character —Ç (U+0442)
(inputenc)                not set up for use with LaTeX.

See the inputenc package documentation for explanation.
Type  H <return>  for immediate help.
 ...                                              
                                                  
l.4 \noindent \underline{–≠–º–∏—Ç—Ç–∞–Ω—Å}
                                           —Ä–µ–ª—è—Ç–∏–≤–∏—Å—Ç—Å–∫–æ–≥–æ —ç...

You may provide a definition with
\DeclareUnicodeCharacter 


! Package inputenc Error: Unicode character —Ç (U+0442)
(inputenc)                not set up for use with LaTeX.

See the inputenc package documentation for explanation.
Type  H <return>  for immediate help.
 ...                                              
                                                  
l.4 \noindent \underline{–≠–º–∏—Ç—Ç–∞–Ω—Å}
                                           —Ä–µ–ª—è—Ç–∏–≤–∏—Å—Ç—Å–∫–æ–≥–æ —ç...

You may provide a definition with
\DeclareUnicodeCharacter 


! Package inputenc Error: Unicode character –∞ (U+0430)
(inputenc)                not set up for use with LaTeX.

See the inputenc package documentation for explanation.
Type  H <return>  for immediate help.
 ...                                              
                                                  
l.4 \noindent \underline{–≠–º–∏—Ç—Ç–∞–Ω—Å}
                                           —Ä–µ–ª—è—Ç–∏–≤–∏—Å—Ç—Å–∫–æ–≥–æ —ç...

You may provide a definition with
\DeclareUnicodeCharacter 


! Package inputenc Error: Unicode character –Ω (U+043D)
(inputenc)                not set up for use with LaTeX.

See the inputenc package documentation for explanation.
Type  H <return>  for immediate help.
 ...                                              
                                                  
l.4 \noindent \underline{–≠–º–∏—Ç—Ç–∞–Ω—Å}
                                           —Ä–µ–ª—è—Ç–∏–≤–∏—Å—Ç—Å–∫–æ–≥–æ —ç...

You may provide a definition with
\DeclareUnicodeCharacter 


! Package inputenc Error: Unicode character —Å (U+0441)
(inputenc)                not set up for use with LaTeX.

See the inputenc package documentation for explanation.
Type  H <return>  for immediate help.
 ...                                              
                                                  
l.4 \noindent \underline{–≠–º–∏—Ç—Ç–∞–Ω—Å}
                                           —Ä–µ–ª—è—Ç–∏–≤–∏—Å—Ç—Å–∫–æ–≥–æ —ç...

You may provide a definition with
\DeclareUnicodeCharacter 


! Package inputenc Error: Unicode character —Ä (U+0440)
(inputenc)                not set up for use with LaTeX.

See the inputenc package documentation for explanation.
Type  H <return>  for immediate help.
 ...                                              
                                                  
l.4 \noindent \underline{–≠–º–∏—Ç—Ç–∞–Ω—Å} —Ä
                                             –µ–ª—è—Ç–∏–≤–∏—Å—Ç—Å–∫–æ–≥–æ —ç...

You may provide a definition with
\DeclareUnicodeCharacter 


! Package inputenc Error: Unicode character –µ (U+0435)
(inputenc)                not set up for use with LaTeX.

See the inputenc package documentation for explanation.
Type  H <return>  for immediate help.
 ...                                              
                                                  
l.4 \noindent \underline{–≠–º–∏—Ç—Ç–∞–Ω—Å} —Ä–µ
                                               –ª—è—Ç–∏–≤–∏—Å—Ç—Å–∫–æ–≥–æ —ç...

You may provide a definition with
\DeclareUnicodeCharacter 


! Package inputenc Error: Unicode character –ª (U+043B)
(inputenc)                not set up for use with LaTeX.

See the inputenc package documentation for explanation.
Type  H <return>  for immediate help.
 ...                                              
                                                  
l.4 \noindent \underline{–≠–º–∏—Ç—Ç–∞–Ω—Å} —Ä–µ–ª
                                                 —è—Ç–∏–≤–∏—Å—Ç—Å–∫–æ–≥–æ —ç...

You may provide a definition with
\DeclareUnicodeCharacter 


! Package inputenc Error: Unicode character —è (U+044F)
(inputenc)                not set up for use with LaTeX.

See the inputenc package documentation for explanation.
Type  H <return>  for immediate help.
 ...                                              
                                                  
l.4 ...ndent \underline{–≠–º–∏—Ç—Ç–∞–Ω—Å} —Ä–µ–ª—è
                                                  —Ç–∏–≤–∏—Å—Ç—Å–∫–æ–≥–æ —ç–...

You may provide a definition with
\DeclareUnicodeCharacter 


! Package inputenc Error: Unicode character —Ç (U+0442)
(inputenc)                not set up for use with LaTeX.

See the inputenc package documentation for explanation.
Type  H <return>  for immediate help.
 ...                                              
                                                  
l.4 ...ent \underline{–≠–º–∏—Ç—Ç–∞–Ω—Å} —Ä–µ–ª—è—Ç
                                                  –∏–≤–∏—Å—Ç—Å–∫–æ–≥–æ —ç–ª–...

You may provide a definition with
\DeclareUnicodeCharacter 


! Package inputenc Error: Unicode character –∏ (U+0438)
(inputenc)                not set up for use with LaTeX.

See the inputenc package documentation for explanation.
Type  H <return>  for immediate help.
 ...                                              
                                                  
l.4 ...t \underline{–≠–º–∏—Ç—Ç–∞–Ω—Å} —Ä–µ–ª—è—Ç–∏
                                                  –≤–∏—Å—Ç—Å–∫–æ–≥–æ —ç–ª–µ–...

You may provide a definition with
\DeclareUnicodeCharacter 


! Package inputenc Error: Unicode character –≤ (U+0432)
(inputenc)                not set up for use with LaTeX.

See the inputenc package documentation for explanation.
Type  H <return>  for immediate help.
 ...                                              
                                                  
l.4 ...\underline{–≠–º–∏—Ç—Ç–∞–Ω—Å} —Ä–µ–ª—è—Ç–∏–≤
                                                  –∏—Å—Ç—Å–∫–æ–≥–æ —ç–ª–µ–∫—...

You may provide a definition with
\DeclareUnicodeCharacter 


! Package inputenc Error: Unicode character –∏ (U+0438)
(inputenc)                not set up for use with LaTeX.

See the inputenc package documentation for explanation.
Type  H <return>  for immediate help.
 ...                                              
                                                  
l.4 ...nderline{–≠–º–∏—Ç—Ç–∞–Ω—Å} —Ä–µ–ª—è—Ç–∏–≤–∏
                                                  —Å—Ç—Å–∫–æ–≥–æ —ç–ª–µ–∫—Ç—...

You may provide a definition with
\DeclareUnicodeCharacter 


! Package inputenc Error: Unicode character —Å (U+0441)
(inputenc)                not set up for use with LaTeX.

See the inputenc package documentation for explanation.
Type  H <return>  for immediate help.
 ...                                              
                                                  
l.4 ...erline{–≠–º–∏—Ç—Ç–∞–Ω—Å} —Ä–µ–ª—è—Ç–∏–≤–∏—Å
                                                  —Ç—Å–∫–æ–≥–æ —ç–ª–µ–∫—Ç—Ä–...

You may provide a definition with
\DeclareUnicodeCharacter 


! Package inputenc Error: Unicode character —Ç (U+0442)
(inputenc)                not set up for use with LaTeX.

See the inputenc package documentation for explanation.
Type  H <return>  for immediate help.
 ...                                              
                                                  
l.4 ...line{–≠–º–∏—Ç—Ç–∞–Ω—Å} —Ä–µ–ª—è—Ç–∏–≤–∏—Å—Ç
                                                  —Å–∫–æ–≥–æ —ç–ª–µ–∫—Ç—Ä–æ–...

You may provide a definition with
\DeclareUnicodeCharacter 


! Package inputenc Error: Unicode character —Å (U+0441)
(inputenc)                not set up for use with LaTeX.

See the inputenc package documentation for explanation.
Type  H <return>  for immediate help.
 ...                                              
                                                  
l.4 ...ne{–≠–º–∏—Ç—Ç–∞–Ω—Å} —Ä–µ–ª—è—Ç–∏–≤–∏—Å—Ç—Å
                                                  –∫–æ–≥–æ —ç–ª–µ–∫—Ç—Ä–æ–Ω–...

You may provide a definition with
\DeclareUnicodeCharacter 


! Package inputenc Error: Unicode character –∫ (U+043A)
(inputenc)                not set up for use with LaTeX.

See the inputenc package documentation for explanation.
Type  H <return>  for immediate help.
 ...                                              
                                                  
l.4 ...{–≠–º–∏—Ç—Ç–∞–Ω—Å} —Ä–µ–ª—è—Ç–∏–≤–∏—Å—Ç—Å–∫
                                                  –æ–≥–æ —ç–ª–µ–∫—Ç—Ä–æ–Ω–Ω–...

You may provide a definition with
\DeclareUnicodeCharacter 


! Package inputenc Error: Unicode character –æ (U+043E)
(inputenc)                not set up for use with LaTeX.

See the inputenc package documentation for explanation.
Type  H <return>  for immediate help.
 ...                                              
                                                  
l.4 ...≠–º–∏—Ç—Ç–∞–Ω—Å} —Ä–µ–ª—è—Ç–∏–≤–∏—Å—Ç—Å–∫–æ
                                                  –≥–æ —ç–ª–µ–∫—Ç—Ä–æ–Ω–Ω–æ–...

You may provide a definition with
\DeclareUnicodeCharacter 


! Package inputenc Error: Unicode character –≥ (U+0433)
(inputenc)                not set up for use with LaTeX.

See the inputenc package documentation for explanation.
Type  H <return>  for immediate help.
 ...                                              
                                                  
l.4 ...º–∏—Ç—Ç–∞–Ω—Å} —Ä–µ–ª—è—Ç–∏–≤–∏—Å—Ç—Å–∫–æ–≥
                                                  –æ —ç–ª–µ–∫—Ç—Ä–æ–Ω–Ω–æ–≥–...

You may provide a definition with
\DeclareUnicodeCharacter 


! Package inputenc Error: Unicode character –æ (U+043E)
(inputenc)                not set up for use with LaTeX.

See the inputenc package documentation for explanation.
Type  H <return>  for immediate help.
 ...                                              
                                                  
l.4 ...∏—Ç—Ç–∞–Ω—Å} —Ä–µ–ª—è—Ç–∏–≤–∏—Å—Ç—Å–∫–æ–≥–æ
                                                   —ç–ª–µ–∫—Ç—Ä–æ–Ω–Ω–æ–≥–æ ...

You may provide a definition with
\DeclareUnicodeCharacter 


! Package inputenc Error: Unicode character —ç (U+044D)
(inputenc)                not set up for use with LaTeX.

See the inputenc package documentation for explanation.
Type  H <return>  for immediate help.
 ...                                              
                                                  
l.4 ...—Ç–∞–Ω—Å} —Ä–µ–ª—è—Ç–∏–≤–∏—Å—Ç—Å–∫–æ–≥–æ —ç
                                                  –ª–µ–∫—Ç—Ä–æ–Ω–Ω–æ–≥–æ –ø—...

You may provide a definition with
\DeclareUnicodeCharacter 


! Package inputenc Error: Unicode character –ª (U+043B)
(inputenc)                not set up for use with LaTeX.

See the inputenc package documentation for explanation.
Type  H <return>  for immediate help.
 ...                                              
                                                  
l.4 ...–∞–Ω—Å} —Ä–µ–ª—è—Ç–∏–≤–∏—Å—Ç—Å–∫–æ–≥–æ —ç–ª
                                                  –µ–∫—Ç—Ä–æ–Ω–Ω–æ–≥–æ –ø—É—...

You may provide a definition with
\DeclareUnicodeCharacter 


! Package inputenc Error: Unicode character –µ (U+0435)
(inputenc)                not set up for use with LaTeX.

See the inputenc package documentation for explanation.
Type  H <return>  for immediate help.
 ...                                              
                                                  
l.4 ...–Ω—Å} —Ä–µ–ª—è—Ç–∏–≤–∏—Å—Ç—Å–∫–æ–≥–æ —ç–ª–µ
                                                  –∫—Ç—Ä–æ–Ω–Ω–æ–≥–æ –ø—É—á–...

You may provide a definition with
\DeclareUnicodeCharacter 


! Package inputenc Error: Unicode character –∫ (U+043A)
(inputenc)                not set up for use with LaTeX.

See the inputenc package documentation for explanation.
Type  H <return>  for immediate help.
 ...                                              
                                                  
l.4 ...—Å} —Ä–µ–ª—è—Ç–∏–≤–∏—Å—Ç—Å–∫–æ–≥–æ —ç–ª–µ–∫
                                                  —Ç—Ä–æ–Ω–Ω–æ–≥–æ –ø—É—á–∫–...

You may provide a definition with
\DeclareUnicodeCharacter 


! Package inputenc Error: Unicode character —Ç (U+0442)
(inputenc)                not set up for use with LaTeX.

See the inputenc package documentation for explanation.
Type  H <return>  for immediate help.
 ...                                              
                                                  
l.4 ...} —Ä–µ–ª—è—Ç–∏–≤–∏—Å—Ç—Å–∫–æ–≥–æ —ç–ª–µ–∫—Ç
                                                  —Ä–æ–Ω–Ω–æ–≥–æ –ø—É—á–∫–∞ ...

You may provide a definition with
\DeclareUnicodeCharacter 


! Package inputenc Error: Unicode character —Ä (U+0440)
(inputenc)                not set up for use with LaTeX.

See the inputenc package documentation for explanation.
Type  H <return>  for immediate help.
 ...                                              
                                                  
l.4 ...—Ä–µ–ª—è—Ç–∏–≤–∏—Å—Ç—Å–∫–æ–≥–æ —ç–ª–µ–∫—Ç—Ä
                                                  –æ–Ω–Ω–æ–≥–æ –ø—É—á–∫–∞ --...

You may provide a definition with
\DeclareUnicodeCharacter 


! Package inputenc Error: Unicode character –æ (U+043E)
(inputenc)                not set up for use with LaTeX.

See the inputenc package documentation for explanation.
Type  H <return>  for immediate help.
 ...                                              
                                                  
l.4 ...–µ–ª—è—Ç–∏–≤–∏—Å—Ç—Å–∫–æ–≥–æ —ç–ª–µ–∫—Ç—Ä–æ
                                                  –Ω–Ω–æ–≥–æ –ø—É—á–∫–∞ -- –...

You may provide a definition with
\DeclareUnicodeCharacter 


! Package inputenc Error: Unicode character –Ω (U+043D)
(inputenc)                not set up for use with LaTeX.

See the inputenc package documentation for explanation.
Type  H <return>  for immediate help.
 ...                                              
                                                  
l.4 ...–ª—è—Ç–∏–≤–∏—Å—Ç—Å–∫–æ–≥–æ —ç–ª–µ–∫—Ç—Ä–æ–Ω
                                                  –Ω–æ–≥–æ –ø—É—á–∫–∞ -- –ø–...

You may provide a definition with
\DeclareUnicodeCharacter 


! Package inputenc Error: Unicode character –Ω (U+043D)
(inputenc)                not set up for use with LaTeX.

See the inputenc package documentation for explanation.
Type  H <return>  for immediate help.
 ...                                              
                                                  
l.4 ...—è—Ç–∏–≤–∏—Å—Ç—Å–∫–æ–≥–æ —ç–ª–µ–∫—Ç—Ä–æ–Ω–Ω
                                                  –æ–≥–æ –ø—É—á–∫–∞ -- –ø–ª–...

You may provide a definition with
\DeclareUnicodeCharacter 


! Package inputenc Error: Unicode character –æ (U+043E)
(inputenc)                not set up for use with LaTeX.

See the inputenc package documentation for explanation.
Type  H <return>  for immediate help.
 ...                                              
                                                  
l.4 ...—Ç–∏–≤–∏—Å—Ç—Å–∫–æ–≥–æ —ç–ª–µ–∫—Ç—Ä–æ–Ω–Ω–æ
                                                  –≥–æ –ø—É—á–∫–∞ -- –ø–ª–æ—...

You may provide a definition with
\DeclareUnicodeCharacter 


! Package inputenc Error: Unicode character –≥ (U+0433)
(inputenc)                not set up for use with LaTeX.

See the inputenc package documentation for explanation.
Type  H <return>  for immediate help.
 ...                                              
                                                  
l.4 ...–∏–≤–∏—Å—Ç—Å–∫–æ–≥–æ —ç–ª–µ–∫—Ç—Ä–æ–Ω–Ω–æ–≥
                                                  –æ –ø—É—á–∫–∞ -- –ø–ª–æ—â–...

You may provide a definition with
\DeclareUnicodeCharacter 


! Package inputenc Error: Unicode character –æ (U+043E)
(inputenc)                not set up for use with LaTeX.

See the inputenc package documentation for explanation.
Type  H <return>  for immediate help.
 ...                                              
                                                  
l.4 ...–≤–∏—Å—Ç—Å–∫–æ–≥–æ —ç–ª–µ–∫—Ç—Ä–æ–Ω–Ω–æ–≥–æ
                                                   –ø—É—á–∫–∞ -- –ø–ª–æ—â–∞–...

You may provide a definition with
\DeclareUnicodeCharacter 


! Package inputenc Error: Unicode character –ø (U+043F)
(inputenc)                not set up for use with LaTeX.

See the inputenc package documentation for explanation.
Type  H <return>  for immediate help.
 ...                                              
                                                  
l.4 ...∏—Å—Ç—Å–∫–æ–≥–æ —ç–ª–µ–∫—Ç—Ä–æ–Ω–Ω–æ–≥–æ –ø
                                                  —É—á–∫–∞ -- –ø–ª–æ—â–∞–¥—å...

You may provide a definition with
\DeclareUnicodeCharacter 


! Package inputenc Error: Unicode character —É (U+0443)
(inputenc)                not set up for use with LaTeX.

See the inputenc package documentation for explanation.
Type  H <return>  for immediate help.
 ...                                              
                                                  
l.4 ...Å—Ç—Å–∫–æ–≥–æ —ç–ª–µ–∫—Ç—Ä–æ–Ω–Ω–æ–≥–æ –ø—É
                                                  —á–∫–∞ -- –ø–ª–æ—â–∞–¥—å —...

You may provide a definition with
\DeclareUnicodeCharacter 


! Package inputenc Error: Unicode character —á (U+0447)
(inputenc)                not set up for use with LaTeX.

See the inputenc package documentation for explanation.
Type  H <return>  for immediate help.
 ...                                              
                                                  
l.4 ...Ç—Å–∫–æ–≥–æ —ç–ª–µ–∫—Ç—Ä–æ–Ω–Ω–æ–≥–æ –ø—É—á
                                                  –∫–∞ -- –ø–ª–æ—â–∞–¥—å —Ñ–...

You may provide a definition with
\DeclareUnicodeCharacter 


! Package inputenc Error: Unicode character –∫ (U+043A)
(inputenc)                not set up for use with LaTeX.

See the inputenc package documentation for explanation.
Type  H <return>  for immediate help.
 ...                                              
                                                  
l.4 ...Å–∫–æ–≥–æ —ç–ª–µ–∫—Ç—Ä–æ–Ω–Ω–æ–≥–æ –ø—É—á–∫
                                                  –∞ -- –ø–ª–æ—â–∞–¥—å —Ñ–∞–...

You may provide a definition with
\DeclareUnicodeCharacter 


! Package inputenc Error: Unicode character –∞ (U+0430)
(inputenc)                not set up for use with LaTeX.

See the inputenc package documentation for explanation.
Type  H <return>  for immediate help.
 ...                                              
                                                  
l.4 ...∫–æ–≥–æ —ç–ª–µ–∫—Ç—Ä–æ–Ω–Ω–æ–≥–æ –ø—É—á–∫–∞
                                                   -- –ø–ª–æ—â–∞–¥—å —Ñ–∞–∑–...

You may provide a definition with
\DeclareUnicodeCharacter 

Missing character: There is no - in font nullfont!
Missing character: There is no - in font nullfont!

! Package inputenc Error: Unicode character –ø (U+043F)
(inputenc)                not set up for use with LaTeX.

See the inputenc package documentation for explanation.
Type  H <return>  for immediate help.
 ...                                              
                                                  
l.4 ...æ —ç–ª–µ–∫—Ç—Ä–æ–Ω–Ω–æ–≥–æ –ø—É—á–∫–∞ -- –ø
                                                  –ª–æ—â–∞–¥—å —Ñ–∞–∑–æ–≤–æ–...

You may provide a definition with
\DeclareUnicodeCharacter 


! Package inputenc Error: Unicode character –ª (U+043B)
(inputenc)                not set up for use with LaTeX.

See the inputenc package documentation for explanation.
Type  H <return>  for immediate help.
 ...                                              
                                                  
l.4 ...—ç–ª–µ–∫—Ç—Ä–æ–Ω–Ω–æ–≥–æ –ø—É—á–∫–∞ -- –ø–ª
                                                  –æ—â–∞–¥—å —Ñ–∞–∑–æ–≤–æ–≥–...

You may provide a definition with
\DeclareUnicodeCharacter 


! Package inputenc Error: Unicode character –æ (U+043E)
(inputenc)                not set up for use with LaTeX.

See the inputenc package documentation for explanation.
Type  H <return>  for immediate help.
 ...                                              
                                                  
l.4 ...–ª–µ–∫—Ç—Ä–æ–Ω–Ω–æ–≥–æ –ø—É—á–∫–∞ -- –ø–ª–æ
                                                  —â–∞–¥—å —Ñ–∞–∑–æ–≤–æ–≥–æ ...

You may provide a definition with
\DeclareUnicodeCharacter 


! Package inputenc Error: Unicode character —â (U+0449)
(inputenc)                not set up for use with LaTeX.

See the inputenc package documentation for explanation.
Type  H <return>  for immediate help.
 ...                                              
                                                  
l.4 ...–µ–∫—Ç—Ä–æ–Ω–Ω–æ–≥–æ –ø—É—á–∫–∞ -- –ø–ª–æ—â
                                                  –∞–¥—å —Ñ–∞–∑–æ–≤–æ–≥–æ –ø...

You may provide a definition with
\DeclareUnicodeCharacter 


! Package inputenc Error: Unicode character –∞ (U+0430)
(inputenc)                not set up for use with LaTeX.

See the inputenc package documentation for explanation.
Type  H <return>  for immediate help.
 ...                                              
                                                  
l.4 ...–∫—Ç—Ä–æ–Ω–Ω–æ–≥–æ –ø—É—á–∫–∞ -- –ø–ª–æ—â–∞
                                                  –¥—å —Ñ–∞–∑–æ–≤–æ–≥–æ –ø—Ä...

You may provide a definition with
\DeclareUnicodeCharacter 


! Package inputenc Error: Unicode character –¥ (U+0434)
(inputenc)                not set up for use with LaTeX.

See the inputenc package documentation for explanation.
Type  H <return>  for immediate help.
 ...                                              
                                                  
l.4 ...—Ç—Ä–æ–Ω–Ω–æ–≥–æ –ø—É—á–∫–∞ -- –ø–ª–æ—â–∞–¥
                                                  —å —Ñ–∞–∑–æ–≤–æ–≥–æ –ø—Ä–æ...

You may provide a definition with
\DeclareUnicodeCharacter 


! Package inputenc Error: Unicode character —å (U+044C)
(inputenc)                not set up for use with LaTeX.

See the inputenc package documentation for explanation.
Type  H <return>  for immediate help.
 ...                                              
                                                  
l.4 ...—Ä–æ–Ω–Ω–æ–≥–æ –ø—É—á–∫–∞ -- –ø–ª–æ—â–∞–¥—å
                                                   —Ñ–∞–∑–æ–≤–æ–≥–æ –ø—Ä–æ—Å...

You may provide a definition with
\DeclareUnicodeCharacter 


! Package inputenc Error: Unicode character —Ñ (U+0444)
(inputenc)                not set up for use with LaTeX.

See the inputenc package documentation for explanation.
Type  H <return>  for immediate help.
 ...                                              
                                                  
l.4 ...æ–Ω–Ω–æ–≥–æ –ø—É—á–∫–∞ -- –ø–ª–æ—â–∞–¥—å —Ñ
                                                  –∞–∑–æ–≤–æ–≥–æ –ø—Ä–æ—Å—Ç—...

You may provide a definition with
\DeclareUnicodeCharacter 


! Package inputenc Error: Unicode character –∞ (U+0430)
(inputenc)                not set up for use with LaTeX.

See the inputenc package documentation for explanation.
Type  H <return>  for immediate help.
 ...                                              
                                                  
l.4 ...Ω–Ω–æ–≥–æ –ø—É—á–∫–∞ -- –ø–ª–æ—â–∞–¥—å —Ñ–∞
                                                  –∑–æ–≤–æ–≥–æ –ø—Ä–æ—Å—Ç—Ä–...

You may provide a definition with
\DeclareUnicodeCharacter 


! Package inputenc Error: Unicode character –∑ (U+0437)
(inputenc)                not set up for use with LaTeX.

See the inputenc package documentation for explanation.
Type  H <return>  for immediate help.
 ...                                              
                                                  
l.4 ...Ω–æ–≥–æ –ø—É—á–∫–∞ -- –ø–ª–æ—â–∞–¥—å —Ñ–∞–∑
                                                  –æ–≤–æ–≥–æ –ø—Ä–æ—Å—Ç—Ä–∞–...

You may provide a definition with
\DeclareUnicodeCharacter 


! Package inputenc Error: Unicode character –æ (U+043E)
(inputenc)                not set up for use with LaTeX.

See the inputenc package documentation for explanation.
Type  H <return>  for immediate help.
 ...                                              
                                                  
l.4 ...æ–≥–æ –ø—É—á–∫–∞ -- –ø–ª–æ—â–∞–¥—å —Ñ–∞–∑–æ
                                                  –≤–æ–≥–æ –ø—Ä–æ—Å—Ç—Ä–∞–Ω—...

You may provide a definition with
\DeclareUnicodeCharacter 


! Package inputenc Error: Unicode character –≤ (U+0432)
(inputenc)                not set up for use with LaTeX.

See the inputenc package documentation for explanation.
Type  H <return>  for immediate help.
 ...                                              
                                                  
l.4 ...≥–æ –ø—É—á–∫–∞ -- –ø–ª–æ—â–∞–¥—å —Ñ–∞–∑–æ–≤
                                                  –æ–≥–æ –ø—Ä–æ—Å—Ç—Ä–∞–Ω—Å—...

You may provide a definition with
\DeclareUnicodeCharacter 


! Package inputenc Error: Unicode character –æ (U+043E)
(inputenc)                not set up for use with LaTeX.

See the inputenc package documentation for explanation.
Type  H <return>  for immediate help.
 ...                                              
                                                  
l.4 ...æ –ø—É—á–∫–∞ -- –ø–ª–æ—â–∞–¥—å —Ñ–∞–∑–æ–≤–æ
                                                  –≥–æ –ø—Ä–æ—Å—Ç—Ä–∞–Ω—Å—Ç–...

You may provide a definition with
\DeclareUnicodeCharacter 


! Package inputenc Error: Unicode character –≥ (U+0433)
(inputenc)                not set up for use with LaTeX.

See the inputenc package documentation for explanation.
Type  H <return>  for immediate help.
 ...                                              
                                                  
l.4 ...–ø—É—á–∫–∞ -- –ø–ª–æ—â–∞–¥—å —Ñ–∞–∑–æ–≤–æ–≥
                                                  –æ –ø—Ä–æ—Å—Ç—Ä–∞–Ω—Å—Ç–≤–...

You may provide a definition with
\DeclareUnicodeCharacter 


! Package inputenc Error: Unicode character –æ (U+043E)
(inputenc)                not set up for use with LaTeX.

See the inputenc package documentation for explanation.
Type  H <return>  for immediate help.
 ...                                              
                                                  
l.4 ...—É—á–∫–∞ -- –ø–ª–æ—â–∞–¥—å —Ñ–∞–∑–æ–≤–æ–≥–æ
                                                   –ø—Ä–æ—Å—Ç—Ä–∞–Ω—Å—Ç–≤–∞ ...

You may provide a definition with
\DeclareUnicodeCharacter 


! Package inputenc Error: Unicode character –ø (U+043F)
(inputenc)                not set up for use with LaTeX.

See the inputenc package documentation for explanation.
Type  H <return>  for immediate help.
 ...                                              
                                                  
l.4 ...á–∫–∞ -- –ø–ª–æ—â–∞–¥—å —Ñ–∞–∑–æ–≤–æ–≥–æ –ø
                                                  —Ä–æ—Å—Ç—Ä–∞–Ω—Å—Ç–≤–∞ –≤ ...

You may provide a definition with
\DeclareUnicodeCharacter 


! Package inputenc Error: Unicode character —Ä (U+0440)
(inputenc)                not set up for use with LaTeX.

See the inputenc package documentation for explanation.
Type  H <return>  for immediate help.
 ...                                              
                                                  
l.4 ...∫–∞ -- –ø–ª–æ—â–∞–¥—å —Ñ–∞–∑–æ–≤–æ–≥–æ –ø—Ä
                                                  –æ—Å—Ç—Ä–∞–Ω—Å—Ç–≤–∞ –≤ $x...

You may provide a definition with
\DeclareUnicodeCharacter 


! Package inputenc Error: Unicode character –æ (U+043E)
(inputenc)                not set up for use with LaTeX.

See the inputenc package documentation for explanation.
Type  H <return>  for immediate help.
 ...                                              
                                                  
l.4 ...∞ -- –ø–ª–æ—â–∞–¥—å —Ñ–∞–∑–æ–≤–æ–≥–æ –ø—Ä–æ
                                                  —Å—Ç—Ä–∞–Ω—Å—Ç–≤–∞ –≤ $x$,...

You may provide a definition with
\DeclareUnicodeCharacter 


! Package inputenc Error: Unicode character —Å (U+0441)
(inputenc)                not set up for use with LaTeX.

See the inputenc package documentation for explanation.
Type  H <return>  for immediate help.
 ...                                              
                                                  
l.4 ...-- –ø–ª–æ—â–∞–¥—å —Ñ–∞–∑–æ–≤–æ–≥–æ –ø—Ä–æ—Å
                                                  —Ç—Ä–∞–Ω—Å—Ç–≤–∞ –≤ $x$, $...

You may provide a definition with
\DeclareUnicodeCharacter 


! Package inputenc Error: Unicode character —Ç (U+0442)
(inputenc)                not set up for use with LaTeX.

See the inputenc package documentation for explanation.
Type  H <return>  for immediate help.
 ...                                              
                                                  
l.4 ... –ø–ª–æ—â–∞–¥—å —Ñ–∞–∑–æ–≤–æ–≥–æ –ø—Ä–æ—Å—Ç
                                                  —Ä–∞–Ω—Å—Ç–≤–∞ –≤ $x$, $x'...

You may provide a definition with
\DeclareUnicodeCharacter 


! Package inputenc Error: Unicode character —Ä (U+0440)
(inputenc)                not set up for use with LaTeX.

See the inputenc package documentation for explanation.
Type  H <return>  for immediate help.
 ...                                              
                                                  
l.4 ...ø–ª–æ—â–∞–¥—å —Ñ–∞–∑–æ–≤–æ–≥–æ –ø—Ä–æ—Å—Ç—Ä
                                                  –∞–Ω—Å—Ç–≤–∞ –≤ $x$, $x'$,...

You may provide a definition with
\DeclareUnicodeCharacter 


! Package inputenc Error: Unicode character –∞ (U+0430)
(inputenc)                not set up for use with LaTeX.

See the inputenc package documentation for explanation.
Type  H <return>  for immediate help.
 ...                                              
                                                  
l.4 ...ª–æ—â–∞–¥—å —Ñ–∞–∑–æ–≤–æ–≥–æ –ø—Ä–æ—Å—Ç—Ä–∞
                                                  –Ω—Å—Ç–≤–∞ –≤ $x$, $x'$, $...

You may provide a definition with
\DeclareUnicodeCharacter 


! Package inputenc Error: Unicode character –Ω (U+043D)
(inputenc)                not set up for use with LaTeX.

See the inputenc package documentation for explanation.
Type  H <return>  for immediate help.
 ...                                              
                                                  
l.4 ...æ—â–∞–¥—å —Ñ–∞–∑–æ–≤–æ–≥–æ –ø—Ä–æ—Å—Ç—Ä–∞–Ω
                                                  —Å—Ç–≤–∞ –≤ $x$, $x'$, $y$...

You may provide a definition with
\DeclareUnicodeCharacter 


! Package inputenc Error: Unicode character —Å (U+0441)
(inputenc)                not set up for use with LaTeX.

See the inputenc package documentation for explanation.
Type  H <return>  for immediate help.
 ...                                              
                                                  
l.4 ...â–∞–¥—å —Ñ–∞–∑–æ–≤–æ–≥–æ –ø—Ä–æ—Å—Ç—Ä–∞–Ω—Å
                                                  —Ç–≤–∞ –≤ $x$, $x'$, $y$, ...

You may provide a definition with
\DeclareUnicodeCharacter 


! Package inputenc Error: Unicode character —Ç (U+0442)
(inputenc)                not set up for use with LaTeX.

See the inputenc package documentation for explanation.
Type  H <return>  for immediate help.
 ...                                              
                                                  
l.4 ...∞–¥—å —Ñ–∞–∑–æ–≤–æ–≥–æ –ø—Ä–æ—Å—Ç—Ä–∞–Ω—Å—Ç
                                                  –≤–∞ –≤ $x$, $x'$, $y$, $y...

You may provide a definition with
\DeclareUnicodeCharacter 


! Package inputenc Error: Unicode character –≤ (U+0432)
(inputenc)                not set up for use with LaTeX.

See the inputenc package documentation for explanation.
Type  H <return>  for immediate help.
 ...                                              
                                                  
l.4 ...¥—å —Ñ–∞–∑–æ–≤–æ–≥–æ –ø—Ä–æ—Å—Ç—Ä–∞–Ω—Å—Ç–≤
                                                  –∞ –≤ $x$, $x'$, $y$, $y'$...

You may provide a definition with
\DeclareUnicodeCharacter 


! Package inputenc Error: Unicode character –∞ (U+0430)
(inputenc)                not set up for use with LaTeX.

See the inputenc package documentation for explanation.
Type  H <return>  for immediate help.
 ...                                              
                                                  
l.4 ...å —Ñ–∞–∑–æ–≤–æ–≥–æ –ø—Ä–æ—Å—Ç—Ä–∞–Ω—Å—Ç–≤–∞
                                                   –≤ $x$, $x'$, $y$, $y'$ –...

You may provide a definition with
\DeclareUnicodeCharacter 


! Package inputenc Error: Unicode character –≤ (U+0432)
(inputenc)                not set up for use with LaTeX.

See the inputenc package documentation for explanation.
Type  H <return>  for immediate help.
 ...                                              
                                                  
l.4 ...Ñ–∞–∑–æ–≤–æ–≥–æ –ø—Ä–æ—Å—Ç—Ä–∞–Ω—Å—Ç–≤–∞ –≤
                                                   $x$, $x'$, $y$, $y'$ –ø–æ...

You may provide a definition with
\DeclareUnicodeCharacter 

Missing character: There is no , in font nullfont!
Missing character: There is no , in font nullfont!
Missing character: There is no , in font nullfont!

! Package inputenc Error: Unicode character –ø (U+043F)
(inputenc)                not set up for use with LaTeX.

See the inputenc package documentation for explanation.
Type  H <return>  for immediate help.
 ...                                              
                                                  
l.4 ...—Ç—Ä–∞–Ω—Å—Ç–≤–∞ –≤ $x$, $x'$, $y$, $y'$ –ø
                                                  –æ–ø–µ—Ä–µ—á–Ω—ã—Ö –∫–æ–æ—...

You may provide a definition with
\DeclareUnicodeCharacter 


! Package inputenc Error: Unicode character –æ (U+043E)
(inputenc)                not set up for use with LaTeX.

See the inputenc package documentation for explanation.
Type  H <return>  for immediate help.
 ...                                              
                                                  
l.4 ...—Ä–∞–Ω—Å—Ç–≤–∞ –≤ $x$, $x'$, $y$, $y'$ –ø–æ
                                                  –ø–µ—Ä–µ—á–Ω—ã—Ö –∫–æ–æ—Ä–...

You may provide a definition with
\DeclareUnicodeCharacter 


! Package inputenc Error: Unicode character –ø (U+043F)
(inputenc)                not set up for use with LaTeX.

See the inputenc package documentation for explanation.
Type  H <return>  for immediate help.
 ...                                              
                                                  
l.4 ...–∞–Ω—Å—Ç–≤–∞ –≤ $x$, $x'$, $y$, $y'$ –ø–æ–ø
                                                  –µ—Ä–µ—á–Ω—ã—Ö –∫–æ–æ—Ä–¥–...

You may provide a definition with
\DeclareUnicodeCharacter 


! Package inputenc Error: Unicode character –µ (U+0435)
(inputenc)                not set up for use with LaTeX.

See the inputenc package documentation for explanation.
Type  H <return>  for immediate help.
 ...                                              
                                                  
l.4 ...–Ω—Å—Ç–≤–∞ –≤ $x$, $x'$, $y$, $y'$ –ø–æ–ø–µ
                                                  —Ä–µ—á–Ω—ã—Ö –∫–æ–æ—Ä–¥–∏–...

You may provide a definition with
\DeclareUnicodeCharacter 


! Package inputenc Error: Unicode character —Ä (U+0440)
(inputenc)                not set up for use with LaTeX.

See the inputenc package documentation for explanation.
Type  H <return>  for immediate help.
 ...                                              
                                                  
l.4 ...—Å—Ç–≤–∞ –≤ $x$, $x'$, $y$, $y'$ –ø–æ–ø–µ—Ä
                                                  –µ—á–Ω—ã—Ö –∫–æ–æ—Ä–¥–∏–Ω–...

You may provide a definition with
\DeclareUnicodeCharacter 


! Package inputenc Error: Unicode character –µ (U+0435)
(inputenc)                not set up for use with LaTeX.

See the inputenc package documentation for explanation.
Type  H <return>  for immediate help.
 ...                                              
                                                  
l.4 ...—Ç–≤–∞ –≤ $x$, $x'$, $y$, $y'$ –ø–æ–ø–µ—Ä–µ
                                                  —á–Ω—ã—Ö –∫–æ–æ—Ä–¥–∏–Ω–∞—...

You may provide a definition with
\DeclareUnicodeCharacter 


! Package inputenc Error: Unicode character —á (U+0447)
(inputenc)                not set up for use with LaTeX.

See the inputenc package documentation for explanation.
Type  H <return>  for immediate help.
 ...                                              
                                                  
l.4 ...–≤–∞ –≤ $x$, $x'$, $y$, $y'$ –ø–æ–ø–µ—Ä–µ—á
                                                  –Ω—ã—Ö –∫–æ–æ—Ä–¥–∏–Ω–∞—Ç–...

You may provide a definition with
\DeclareUnicodeCharacter 


! Package inputenc Error: Unicode character –Ω (U+043D)
(inputenc)                not set up for use with LaTeX.

See the inputenc package documentation for explanation.
Type  H <return>  for immediate help.
 ...                                              
                                                  
l.4 ...–∞ –≤ $x$, $x'$, $y$, $y'$ –ø–æ–ø–µ—Ä–µ—á–Ω
                                                  —ã—Ö –∫–æ–æ—Ä–¥–∏–Ω–∞—Ç–∞—...

You may provide a definition with
\DeclareUnicodeCharacter 


! Package inputenc Error: Unicode character —ã (U+044B)
(inputenc)                not set up for use with LaTeX.

See the inputenc package documentation for explanation.
Type  H <return>  for immediate help.
 ...                                              
                                                  
l.4 ... –≤ $x$, $x'$, $y$, $y'$ –ø–æ–ø–µ—Ä–µ—á–Ω—ã
                                                  —Ö –∫–æ–æ—Ä–¥–∏–Ω–∞—Ç–∞—Ö,...

You may provide a definition with
\DeclareUnicodeCharacter 


! Package inputenc Error: Unicode character —Ö (U+0445)
(inputenc)                not set up for use with LaTeX.

See the inputenc package documentation for explanation.
Type  H <return>  for immediate help.
 ...                                              
                                                  
l.4 ...≤ $x$, $x'$, $y$, $y'$ –ø–æ–ø–µ—Ä–µ—á–Ω—ã—Ö
                                                   –∫–æ–æ—Ä–¥–∏–Ω–∞—Ç–∞—Ö, –...

You may provide a definition with
\DeclareUnicodeCharacter 


! Package inputenc Error: Unicode character –∫ (U+043A)
(inputenc)                not set up for use with LaTeX.

See the inputenc package documentation for explanation.
Type  H <return>  for immediate help.
 ...                                              
                                                  
l.4 ...x$, $x'$, $y$, $y'$ –ø–æ–ø–µ—Ä–µ—á–Ω—ã—Ö –∫
                                                  –æ–æ—Ä–¥–∏–Ω–∞—Ç–∞—Ö, –≤ —...

You may provide a definition with
\DeclareUnicodeCharacter 


! Package inputenc Error: Unicode character –æ (U+043E)
(inputenc)                not set up for use with LaTeX.

See the inputenc package documentation for explanation.
Type  H <return>  for immediate help.
 ...                                              
                                                  
l.4 ..., $x'$, $y$, $y'$ –ø–æ–ø–µ—Ä–µ—á–Ω—ã—Ö –∫–æ
                                                  –æ—Ä–¥–∏–Ω–∞—Ç–∞—Ö, –≤ —Ä–...

You may provide a definition with
\DeclareUnicodeCharacter 


! Package inputenc Error: Unicode character –æ (U+043E)
(inputenc)                not set up for use with LaTeX.

See the inputenc package documentation for explanation.
Type  H <return>  for immediate help.
 ...                                              
                                                  
l.4 ...$x'$, $y$, $y'$ –ø–æ–ø–µ—Ä–µ—á–Ω—ã—Ö –∫–æ–æ
                                                  —Ä–¥–∏–Ω–∞—Ç–∞—Ö, –≤ —Ä–∞–...

You may provide a definition with
\DeclareUnicodeCharacter 


! Package inputenc Error: Unicode character —Ä (U+0440)
(inputenc)                not set up for use with LaTeX.

See the inputenc package documentation for explanation.
Type  H <return>  for immediate help.
 ...                                              
                                                  
l.4 ...'$, $y$, $y'$ –ø–æ–ø–µ—Ä–µ—á–Ω—ã—Ö –∫–æ–æ—Ä
                                                  –¥–∏–Ω–∞—Ç–∞—Ö, –≤ —Ä–∞–±–...

You may provide a definition with
\DeclareUnicodeCharacter 


! Package inputenc Error: Unicode character –¥ (U+0434)
(inputenc)                not set up for use with LaTeX.

See the inputenc package documentation for explanation.
Type  H <return>  for immediate help.
 ...                                              
                                                  
l.4 ..., $y$, $y'$ –ø–æ–ø–µ—Ä–µ—á–Ω—ã—Ö –∫–æ–æ—Ä–¥
                                                  –∏–Ω–∞—Ç–∞—Ö, –≤ —Ä–∞–±–æ—...

You may provide a definition with
\DeclareUnicodeCharacter 


! Package inputenc Error: Unicode character –∏ (U+0438)
(inputenc)                not set up for use with LaTeX.

See the inputenc package documentation for explanation.
Type  H <return>  for immediate help.
 ...                                              
                                                  
l.4 ...$y$, $y'$ –ø–æ–ø–µ—Ä–µ—á–Ω—ã—Ö –∫–æ–æ—Ä–¥–∏
                                                  –Ω–∞—Ç–∞—Ö, –≤ —Ä–∞–±–æ—Ç–...

You may provide a definition with
\DeclareUnicodeCharacter 


! Package inputenc Error: Unicode character –Ω (U+043D)
(inputenc)                not set up for use with LaTeX.

See the inputenc package documentation for explanation.
Type  H <return>  for immediate help.
 ...                                              
                                                  
l.4 ...$, $y'$ –ø–æ–ø–µ—Ä–µ—á–Ω—ã—Ö –∫–æ–æ—Ä–¥–∏–Ω
                                                  –∞—Ç–∞—Ö, –≤ —Ä–∞–±–æ—Ç–µ ...

You may provide a definition with
\DeclareUnicodeCharacter 


! Package inputenc Error: Unicode character –∞ (U+0430)
(inputenc)                not set up for use with LaTeX.

See the inputenc package documentation for explanation.
Type  H <return>  for immediate help.
 ...                                              
                                                  
l.4 ... $y'$ –ø–æ–ø–µ—Ä–µ—á–Ω—ã—Ö –∫–æ–æ—Ä–¥–∏–Ω–∞
                                                  —Ç–∞—Ö, –≤ —Ä–∞–±–æ—Ç–µ –Ω...

You may provide a definition with
\DeclareUnicodeCharacter 


! Package inputenc Error: Unicode character —Ç (U+0442)
(inputenc)                not set up for use with LaTeX.

See the inputenc package documentation for explanation.
Type  H <return>  for immediate help.
 ...                                              
                                                  
l.4 ...y'$ –ø–æ–ø–µ—Ä–µ—á–Ω—ã—Ö –∫–æ–æ—Ä–¥–∏–Ω–∞—Ç
                                                  –∞—Ö, –≤ —Ä–∞–±–æ—Ç–µ –Ω–µ...

You may provide a definition with
\DeclareUnicodeCharacter 


! Package inputenc Error: Unicode character –∞ (U+0430)
(inputenc)                not set up for use with LaTeX.

See the inputenc package documentation for explanation.
Type  H <return>  for immediate help.
 ...                                              
                                                  
l.4 ...$ –ø–æ–ø–µ—Ä–µ—á–Ω—ã—Ö –∫–æ–æ—Ä–¥–∏–Ω–∞—Ç–∞
                                                  —Ö, –≤ —Ä–∞–±–æ—Ç–µ –Ω–µ —...

You may provide a definition with
\DeclareUnicodeCharacter 


! Package inputenc Error: Unicode character —Ö (U+0445)
(inputenc)                not set up for use with LaTeX.

See the inputenc package documentation for explanation.
Type  H <return>  for immediate help.
 ...                                              
                                                  
l.4 ...–ø–æ–ø–µ—Ä–µ—á–Ω—ã—Ö –∫–æ–æ—Ä–¥–∏–Ω–∞—Ç–∞—Ö
                                                  , –≤ —Ä–∞–±–æ—Ç–µ –Ω–µ —Ä–...

You may provide a definition with
\DeclareUnicodeCharacter 

Missing character: There is no , in font nullfont!

! Package inputenc Error: Unicode character –≤ (U+0432)
(inputenc)                not set up for use with LaTeX.

See the inputenc package documentation for explanation.
Type  H <return>  for immediate help.
 ...                                              
                                                  
l.4 ...–ø–µ—Ä–µ—á–Ω—ã—Ö –∫–æ–æ—Ä–¥–∏–Ω–∞—Ç–∞—Ö, –≤
                                                   —Ä–∞–±–æ—Ç–µ –Ω–µ —Ä–∞—Å—...

You may provide a definition with
\DeclareUnicodeCharacter 


! Package inputenc Error: Unicode character —Ä (U+0440)
(inputenc)                not set up for use with LaTeX.

See the inputenc package documentation for explanation.
Type  H <return>  for immediate help.
 ...                                              
                                                  
l.4 ...µ—Ä–µ—á–Ω—ã—Ö –∫–æ–æ—Ä–¥–∏–Ω–∞—Ç–∞—Ö, –≤ —Ä
                                                  –∞–±–æ—Ç–µ –Ω–µ —Ä–∞—Å—Å–º...

You may provide a definition with
\DeclareUnicodeCharacter 


! Package inputenc Error: Unicode character –∞ (U+0430)
(inputenc)                not set up for use with LaTeX.

See the inputenc package documentation for explanation.
Type  H <return>  for immediate help.
 ...                                              
                                                  
l.4 ...Ä–µ—á–Ω—ã—Ö –∫–æ–æ—Ä–¥–∏–Ω–∞—Ç–∞—Ö, –≤ —Ä–∞
                                                  –±–æ—Ç–µ –Ω–µ —Ä–∞—Å—Å–º–∞...

You may provide a definition with
\DeclareUnicodeCharacter 


! Package inputenc Error: Unicode character –± (U+0431)
(inputenc)                not set up for use with LaTeX.

See the inputenc package documentation for explanation.
Type  H <return>  for immediate help.
 ...                                              
                                                  
l.4 ...µ—á–Ω—ã—Ö –∫–æ–æ—Ä–¥–∏–Ω–∞—Ç–∞—Ö, –≤ —Ä–∞–±
                                                  –æ—Ç–µ –Ω–µ —Ä–∞—Å—Å–º–∞—Ç...

You may provide a definition with
\DeclareUnicodeCharacter 


! Package inputenc Error: Unicode character –æ (U+043E)
(inputenc)                not set up for use with LaTeX.

See the inputenc package documentation for explanation.
Type  H <return>  for immediate help.
 ...                                              
                                                  
l.4 ...á–Ω—ã—Ö –∫–æ–æ—Ä–¥–∏–Ω–∞—Ç–∞—Ö, –≤ —Ä–∞–±–æ
                                                  —Ç–µ –Ω–µ —Ä–∞—Å—Å–º–∞—Ç—Ä...

You may provide a definition with
\DeclareUnicodeCharacter 


! Package inputenc Error: Unicode character —Ç (U+0442)
(inputenc)                not set up for use with LaTeX.

See the inputenc package documentation for explanation.
Type  H <return>  for immediate help.
 ...                                              
                                                  
l.4 ...Ω—ã—Ö –∫–æ–æ—Ä–¥–∏–Ω–∞—Ç–∞—Ö, –≤ —Ä–∞–±–æ—Ç
                                                  –µ –Ω–µ —Ä–∞—Å—Å–º–∞—Ç—Ä–∏...

You may provide a definition with
\DeclareUnicodeCharacter 


! Package inputenc Error: Unicode character –µ (U+0435)
(inputenc)                not set up for use with LaTeX.

See the inputenc package documentation for explanation.
Type  H <return>  for immediate help.
 ...                                              
                                                  
l.4 ...ã—Ö –∫–æ–æ—Ä–¥–∏–Ω–∞—Ç–∞—Ö, –≤ —Ä–∞–±–æ—Ç–µ
                                                   –Ω–µ —Ä–∞—Å—Å–º–∞—Ç—Ä–∏–≤...

You may provide a definition with
\DeclareUnicodeCharacter 


! Package inputenc Error: Unicode character –Ω (U+043D)
(inputenc)                not set up for use with LaTeX.

See the inputenc package documentation for explanation.
Type  H <return>  for immediate help.
 ...                                              
                                                  
l.4 ... –∫–æ–æ—Ä–¥–∏–Ω–∞—Ç–∞—Ö, –≤ —Ä–∞–±–æ—Ç–µ –Ω
                                                  –µ —Ä–∞—Å—Å–º–∞—Ç—Ä–∏–≤–∞–...

You may provide a definition with
\DeclareUnicodeCharacter 


! Package inputenc Error: Unicode character –µ (U+0435)
(inputenc)                not set up for use with LaTeX.

See the inputenc package documentation for explanation.
Type  H <return>  for immediate help.
 ...                                              
                                                  
l.4 ...∫–æ–æ—Ä–¥–∏–Ω–∞—Ç–∞—Ö, –≤ —Ä–∞–±–æ—Ç–µ –Ω–µ
                                                   —Ä–∞—Å—Å–º–∞—Ç—Ä–∏–≤–∞–µ—...

You may provide a definition with
\DeclareUnicodeCharacter 


! Package inputenc Error: Unicode character —Ä (U+0440)
(inputenc)                not set up for use with LaTeX.

See the inputenc package documentation for explanation.
Type  H <return>  for immediate help.
 ...                                              
                                                  
l.4 ...–æ—Ä–¥–∏–Ω–∞—Ç–∞—Ö, –≤ —Ä–∞–±–æ—Ç–µ –Ω–µ —Ä
                                                  –∞—Å—Å–º–∞—Ç—Ä–∏–≤–∞–µ—Ç—Å...
(That makes 100 errors; please try again.) 
Here is how much of TeX's memory you used:
 48 strings out of 481239
 778 string characters out of 5920376
 236563 words of memory out of 5000000
 15415 multiletter control sequences out of 15000+600000
 532338 words of font info for 24 fonts, out of 8000000 for 9000
 1141 hyphenation exceptions out of 8191
 19i,3n,15p,439b,56s stack positions out of 5000i,500n,10000p,200000b,80000s

!  ==> Fatal error occurred, no output PDF file produced!
