This is pdfTeX, Version 3.14159265-2.6-1.40.20 (TeX Live 2019/Debian) (preloaded format=pdflatex 2020.11.17)  25 MAR 2021 19:04
entering extended mode
 restricted \write18 enabled.
 %&-line parsing enabled.
**lit_rew.tex
(./lit_rew.tex
LaTeX2e <2020-02-02> patch level 2
L3 programming layer <2020-02-14>
! Undefined control sequence.
l.1 \chapter
            *{–õ–∏—Ç–µ—Ä–∞—Ç—É—Ä–Ω—ã–π –æ–±–∑–æ—Ä} \label{lit_rev}
The control sequence at the end of the top line
of your error message was never \def'ed. If you have
misspelled it (e.g., `\hobx'), type `I' and the correct
spelling (e.g., `I\hbox'). Otherwise just continue,
and I'll forget about whatever was undefined.


! LaTeX Error: Missing \begin{document}.

See the LaTeX manual or LaTeX Companion for explanation.
Type  H <return>  for immediate help.
 ...                                              
                                                  
l.1 \chapter*
             {–õ–∏—Ç–µ—Ä–∞—Ç—É—Ä–Ω—ã–π –æ–±–∑–æ—Ä} \label{lit_rev}
You're in trouble here.  Try typing  <return>  to proceed.
If that doesn't work, type  X <return>  to quit.

Missing character: There is no * in font nullfont!

! Package inputenc Error: Unicode character –õ (U+041B)
(inputenc)                not set up for use with LaTeX.

See the inputenc package documentation for explanation.
Type  H <return>  for immediate help.
 ...                                              
                                                  
l.1 \chapter*{–õ
                –∏—Ç–µ—Ä–∞—Ç—É—Ä–Ω—ã–π –æ–±–∑–æ—Ä} \label{lit_rev}
You may provide a definition with
\DeclareUnicodeCharacter 


! Package inputenc Error: Unicode character –∏ (U+0438)
(inputenc)                not set up for use with LaTeX.

See the inputenc package documentation for explanation.
Type  H <return>  for immediate help.
 ...                                              
                                                  
l.1 \chapter*{–õ–∏
                  —Ç–µ—Ä–∞—Ç—É—Ä–Ω—ã–π –æ–±–∑–æ—Ä} \label{lit_rev}
You may provide a definition with
\DeclareUnicodeCharacter 


! Package inputenc Error: Unicode character —Ç (U+0442)
(inputenc)                not set up for use with LaTeX.

See the inputenc package documentation for explanation.
Type  H <return>  for immediate help.
 ...                                              
                                                  
l.1 \chapter*{–õ–∏—Ç
                    –µ—Ä–∞—Ç—É—Ä–Ω—ã–π –æ–±–∑–æ—Ä} \label{lit_rev}
You may provide a definition with
\DeclareUnicodeCharacter 


! Package inputenc Error: Unicode character –µ (U+0435)
(inputenc)                not set up for use with LaTeX.

See the inputenc package documentation for explanation.
Type  H <return>  for immediate help.
 ...                                              
                                                  
l.1 \chapter*{–õ–∏—Ç–µ
                      —Ä–∞—Ç—É—Ä–Ω—ã–π –æ–±–∑–æ—Ä} \label{lit_rev}
You may provide a definition with
\DeclareUnicodeCharacter 


! Package inputenc Error: Unicode character —Ä (U+0440)
(inputenc)                not set up for use with LaTeX.

See the inputenc package documentation for explanation.
Type  H <return>  for immediate help.
 ...                                              
                                                  
l.1 \chapter*{–õ–∏—Ç–µ—Ä
                        –∞—Ç—É—Ä–Ω—ã–π –æ–±–∑–æ—Ä} \label{lit_rev}
You may provide a definition with
\DeclareUnicodeCharacter 


! Package inputenc Error: Unicode character –∞ (U+0430)
(inputenc)                not set up for use with LaTeX.

See the inputenc package documentation for explanation.
Type  H <return>  for immediate help.
 ...                                              
                                                  
l.1 \chapter*{–õ–∏—Ç–µ—Ä–∞
                          —Ç—É—Ä–Ω—ã–π –æ–±–∑–æ—Ä} \label{lit_rev}
You may provide a definition with
\DeclareUnicodeCharacter 


! Package inputenc Error: Unicode character —Ç (U+0442)
(inputenc)                not set up for use with LaTeX.

See the inputenc package documentation for explanation.
Type  H <return>  for immediate help.
 ...                                              
                                                  
l.1 \chapter*{–õ–∏—Ç–µ—Ä–∞—Ç
                            —É—Ä–Ω—ã–π –æ–±–∑–æ—Ä} \label{lit_rev}
You may provide a definition with
\DeclareUnicodeCharacter 


! Package inputenc Error: Unicode character —É (U+0443)
(inputenc)                not set up for use with LaTeX.

See the inputenc package documentation for explanation.
Type  H <return>  for immediate help.
 ...                                              
                                                  
l.1 \chapter*{–õ–∏—Ç–µ—Ä–∞—Ç—É
                              —Ä–Ω—ã–π –æ–±–∑–æ—Ä} \label{lit_rev}
You may provide a definition with
\DeclareUnicodeCharacter 


! Package inputenc Error: Unicode character —Ä (U+0440)
(inputenc)                not set up for use with LaTeX.

See the inputenc package documentation for explanation.
Type  H <return>  for immediate help.
 ...                                              
                                                  
l.1 \chapter*{–õ–∏—Ç–µ—Ä–∞—Ç—É—Ä
                                –Ω—ã–π –æ–±–∑–æ—Ä} \label{lit_rev}
You may provide a definition with
\DeclareUnicodeCharacter 


! Package inputenc Error: Unicode character –Ω (U+043D)
(inputenc)                not set up for use with LaTeX.

See the inputenc package documentation for explanation.
Type  H <return>  for immediate help.
 ...                                              
                                                  
l.1 \chapter*{–õ–∏—Ç–µ—Ä–∞—Ç—É—Ä–Ω
                                  —ã–π –æ–±–∑–æ—Ä} \label{lit_rev}
You may provide a definition with
\DeclareUnicodeCharacter 


! Package inputenc Error: Unicode character —ã (U+044B)
(inputenc)                not set up for use with LaTeX.

See the inputenc package documentation for explanation.
Type  H <return>  for immediate help.
 ...                                              
                                                  
l.1 \chapter*{–õ–∏—Ç–µ—Ä–∞—Ç—É—Ä–Ω—ã
                                    –π –æ–±–∑–æ—Ä} \label{lit_rev}
You may provide a definition with
\DeclareUnicodeCharacter 


! Package inputenc Error: Unicode character –π (U+0439)
(inputenc)                not set up for use with LaTeX.

See the inputenc package documentation for explanation.
Type  H <return>  for immediate help.
 ...                                              
                                                  
l.1 \chapter*{–õ–∏—Ç–µ—Ä–∞—Ç—É—Ä–Ω—ã–π
                                       –æ–±–∑–æ—Ä} \label{lit_rev}
You may provide a definition with
\DeclareUnicodeCharacter 


! Package inputenc Error: Unicode character –æ (U+043E)
(inputenc)                not set up for use with LaTeX.

See the inputenc package documentation for explanation.
Type  H <return>  for immediate help.
 ...                                              
                                                  
l.1 \chapter*{–õ–∏—Ç–µ—Ä–∞—Ç—É—Ä–Ω—ã–π –æ
                                         –±–∑–æ—Ä} \label{lit_rev}
You may provide a definition with
\DeclareUnicodeCharacter 


! Package inputenc Error: Unicode character –± (U+0431)
(inputenc)                not set up for use with LaTeX.

See the inputenc package documentation for explanation.
Type  H <return>  for immediate help.
 ...                                              
                                                  
l.1 \chapter*{–õ–∏—Ç–µ—Ä–∞—Ç—É—Ä–Ω—ã–π –æ–±
                                           –∑–æ—Ä} \label{lit_rev}
You may provide a definition with
\DeclareUnicodeCharacter 


! Package inputenc Error: Unicode character –∑ (U+0437)
(inputenc)                not set up for use with LaTeX.

See the inputenc package documentation for explanation.
Type  H <return>  for immediate help.
 ...                                              
                                                  
l.1 \chapter*{–õ–∏—Ç–µ—Ä–∞—Ç—É—Ä–Ω—ã–π –æ–±–∑
                                             –æ—Ä} \label{lit_rev}
You may provide a definition with
\DeclareUnicodeCharacter 


! Package inputenc Error: Unicode character –æ (U+043E)
(inputenc)                not set up for use with LaTeX.

See the inputenc package documentation for explanation.
Type  H <return>  for immediate help.
 ...                                              
                                                  
l.1 \chapter*{–õ–∏—Ç–µ—Ä–∞—Ç—É—Ä–Ω—ã–π –æ–±–∑–æ
                                               —Ä} \label{lit_rev}
You may provide a definition with
\DeclareUnicodeCharacter 


! Package inputenc Error: Unicode character —Ä (U+0440)
(inputenc)                not set up for use with LaTeX.

See the inputenc package documentation for explanation.
Type  H <return>  for immediate help.
 ...                                              
                                                  
l.1 \chapter*{–õ–∏—Ç–µ—Ä–∞—Ç—É—Ä–Ω—ã–π –æ–±–∑–æ—Ä
                                                 } \label{lit_rev}
You may provide a definition with
\DeclareUnicodeCharacter 


Overfull \hbox (20.0pt too wide) in paragraph at lines 1--3
[]
 []


! LaTeX Error: The font size command \normalsize is not defined:
               there is probably something wrong with the class file.

See the LaTeX manual or LaTeX Companion for explanation.
Type  H <return>  for immediate help.
 ...                                              
                                                  
l.4 \newpage
            
Your command was ignored.
Type  I <command> <return>  to replace it with another command,
or  <return>  to continue without it.

[1
! Undefined control sequence.
<write> \newlabel{lit_rev}{{}{\thepage 
                                       }}
l.4 \newpage
            
The control sequence at the end of the top line
of your error message was never \def'ed. If you have
misspelled it (e.g., `\hobx'), type `I' and the correct
spelling (e.g., `I\hbox'). Otherwise just continue,
and I'll forget about whatever was undefined.

\newlabel{lit_rev}{{}{}}
! Undefined control sequence.
<write> ...µ—Ä–∞—Ç—É—Ä–Ω—ã–π –æ–±–∑–æ—Ä}{\thepage 
                                                  }\protected@file@percent }
l.4 \newpage
            
The control sequence at the end of the top line
of your error message was never \def'ed. If you have
misspelled it (e.g., `\hobx'), type `I' and the correct
spelling (e.g., `I\hbox'). Otherwise just continue,
and I'll forget about whatever was undefined.

\@writefile{toc}{\contentsline {chapter}{–õ–∏—Ç–µ—Ä–∞—Ç—É—Ä–Ω—ã–π –æ–±–∑–æ—Ä}{}
\protected@file@percent }
])
! Emergency stop.
<*> lit_rew.tex
               
*** (job aborted, no legal \end found)

 
Here is how much of TeX's memory you used:
 31 strings out of 481239
 469 string characters out of 5920376
 236563 words of memory out of 5000000
 15398 multiletter control sequences out of 15000+600000
 532338 words of font info for 24 fonts, out of 8000000 for 9000
 1141 hyphenation exceptions out of 8191
 17i,4n,15p,139b,95s stack positions out of 5000i,500n,10000p,200000b,80000s
!  ==> Fatal error occurred, no output PDF file produced!
